
> adaptive-factory-ai-solutions@1.0.0 test
> node run-tests.js


üß™ Running All Tests
‚îÄ‚îÄ‚îÄ‚îÄ‚îÄ‚îÄ‚îÄ‚îÄ‚îÄ‚îÄ‚îÄ‚îÄ‚îÄ‚îÄ‚îÄ‚îÄ‚îÄ‚îÄ‚îÄ‚îÄ‚îÄ‚îÄ‚îÄ‚îÄ‚îÄ‚îÄ‚îÄ‚îÄ‚îÄ‚îÄ‚îÄ‚îÄ‚îÄ‚îÄ‚îÄ‚îÄ‚îÄ‚îÄ‚îÄ‚îÄ‚îÄ‚îÄ‚îÄ‚îÄ‚îÄ‚îÄ‚îÄ‚îÄ‚îÄ‚îÄ
Command: npx vitest run --reporter=default
Timeout: 120s

[33mThe CJS build of Vite's Node API is deprecated. See https://vite.dev/guide/troubleshooting.html#vite-cjs-node-api-deprecated for more details.[39m

 RUN  v2.1.8 /mnt/d/Source/manufacturing-analytics-platform

 ‚ùØ |integration| src/__tests__/integration/manufacturing.integration.test.ts (0 test)
 ‚ùØ |unit| src/__tests__/lib/validation/DataValidator.test.ts (44 tests | 1 failed) 42ms
   √ó DataValidator > sanitizeInput > should handle nested objects 15ms
     ‚Üí expected [ '&lt;script&gt;', 'safe-tag' ] to deeply equal [ '', 'safe-tag' ]
 ‚ùØ |unit| src/__tests__/lib/auth/middleware.test.ts (34 tests | 3 failed) 64ms
   √ó Rate Limiting > should allow requests within limit 31ms
     ‚Üí Cannot find module '@/lib/auth/middleware'
Require stack:
- /mnt/d/Source/manufacturing-analytics-platform/src/__tests__/lib/auth/middleware.test.ts
   √ó Input Sanitization > should handle nested objects 3ms
     ‚Üí expected [ '<script>', 'safe' ] to deeply equal [ '', 'safe' ]
   √ó Performance Tests > should handle concurrent authentication requests 4ms
     ‚Üí expected "verifyAccessToken" to be called 10 times, but got 15 times
stdout | src/__tests__/integration/chat.integration.test.ts > Chat Integration Tests > Chat Context Retrieval > should retrieve equipment context for equipment queries
prisma:error 
Invalid `prisma.enterprise.create()` invocation in
/mnt/d/Source/manufacturing-analytics-platform/src/__tests__/integration/chat.integration.test.ts:6:46

  3 
  4 // Helper function to create test hierarchy
  5 async function createTestHierarchy() {
‚Üí 6   const enterprise = await prisma.enterprise.create(
Unique constraint failed on the fields: (`code`)

stdout | src/__tests__/integration/chat.integration.test.ts > Chat Integration Tests > Chat Context Retrieval > should retrieve work center context
prisma:error 
Invalid `prisma.enterprise.create()` invocation in
/mnt/d/Source/manufacturing-analytics-platform/src/__tests__/integration/chat.integration.test.ts:6:46

  3 
  4 // Helper function to create test hierarchy
  5 async function createTestHierarchy() {
‚Üí 6   const enterprise = await prisma.enterprise.create(
Unique constraint failed on the fields: (`code`)

stdout | src/__tests__/integration/chat.integration.test.ts > Chat Integration Tests > Chat Context Retrieval > should retrieve maintenance schedule context
prisma:error 
Invalid `prisma.enterprise.create()` invocation in
/mnt/d/Source/manufacturing-analytics-platform/src/__tests__/integration/chat.integration.test.ts:6:46

  3 
  4 // Helper function to create test hierarchy
  5 async function createTestHierarchy() {
‚Üí 6   const enterprise = await prisma.enterprise.create(
Unique constraint failed on the fields: (`code`)

stdout | src/__tests__/integration/chat.integration.test.ts > Chat Integration Tests > Chat Context Retrieval > should retrieve quality metrics context
prisma:error 
Invalid `prisma.enterprise.create()` invocation in
/mnt/d/Source/manufacturing-analytics-platform/src/__tests__/integration/chat.integration.test.ts:6:46

  3 
  4 // Helper function to create test hierarchy
  5 async function createTestHierarchy() {
‚Üí 6   const enterprise = await prisma.enterprise.create(
Unique constraint failed on the fields: (`code`)

stdout | src/__tests__/integration/chat.integration.test.ts > Chat Integration Tests > Chat Query Processing > should handle OEE calculation queries
prisma:error 
Invalid `prisma.enterprise.create()` invocation in
/mnt/d/Source/manufacturing-analytics-platform/src/__tests__/integration/chat.integration.test.ts:6:46

  3 
  4 // Helper function to create test hierarchy
  5 async function createTestHierarchy() {
‚Üí 6   const enterprise = await prisma.enterprise.create(
Unique constraint failed on the fields: (`code`)

stdout | src/__tests__/integration/chat.integration.test.ts > Chat Integration Tests > Chat Query Processing > should handle downtime analysis queries
prisma:error 
Invalid `prisma.enterprise.create()` invocation in
/mnt/d/Source/manufacturing-analytics-platform/src/__tests__/integration/chat.integration.test.ts:6:46

  3 
  4 // Helper function to create test hierarchy
  5 async function createTestHierarchy() {
‚Üí 6   const enterprise = await prisma.enterprise.create(
Unique constraint failed on the fields: (`code`)

stdout | src/__tests__/integration/chat.integration.test.ts > Chat Integration Tests > Chat Query Processing > should provide production insights
prisma:error 
Invalid `prisma.enterprise.create()` invocation in
/mnt/d/Source/manufacturing-analytics-platform/src/__tests__/integration/chat.integration.test.ts:6:46

  3 
  4 // Helper function to create test hierarchy
  5 async function createTestHierarchy() {
‚Üí 6   const enterprise = await prisma.enterprise.create(
Unique constraint failed on the fields: (`code`)

stdout | src/__tests__/integration/chat.integration.test.ts > Chat Integration Tests > Chat Response Generation > should generate appropriate responses for equipment status
prisma:error 
Invalid `prisma.enterprise.create()` invocation in
/mnt/d/Source/manufacturing-analytics-platform/src/__tests__/integration/chat.integration.test.ts:6:46

  3 
  4 // Helper function to create test hierarchy
  5 async function createTestHierarchy() {
‚Üí 6   const enterprise = await prisma.enterprise.create(
Unique constraint failed on the fields: (`code`)

stdout | src/__tests__/integration/chat.integration.test.ts > Chat Integration Tests > Chat Response Generation > should handle multi-context queries
prisma:error 
Invalid `prisma.enterprise.create()` invocation in
/mnt/d/Source/manufacturing-analytics-platform/src/__tests__/integration/chat.integration.test.ts:6:46

  3 
  4 // Helper function to create test hierarchy
  5 async function createTestHierarchy() {
‚Üí 6   const enterprise = await prisma.enterprise.create(
Unique constraint failed on the fields: (`code`)

stdout | src/__tests__/integration/chat.integration.test.ts > Chat Integration Tests > Chat Response Generation > should provide hierarchical context for site-level queries
prisma:error 
Invalid `prisma.enterprise.create()` invocation in
/mnt/d/Source/manufacturing-analytics-platform/src/__tests__/integration/chat.integration.test.ts:6:46

  3 
  4 // Helper function to create test hierarchy
  5 async function createTestHierarchy() {
‚Üí 6   const enterprise = await prisma.enterprise.create(
Unique constraint failed on the fields: (`code`)

 ‚ùØ |integration| src/__tests__/integration/chat.integration.test.ts (10 tests | 10 failed) 333ms
   √ó Chat Integration Tests > Chat Context Retrieval > should retrieve equipment context for equipment queries 265ms
     ‚Üí 
Invalid `prisma.enterprise.create()` invocation in
/mnt/d/Source/manufacturing-analytics-platform/src/__tests__/integration/chat.integration.test.ts:6:46

  3 
  4 // Helper function to create test hierarchy
  5 async function createTestHierarchy() {
‚Üí 6   const enterprise = await prisma.enterprise.create(
Unique constraint failed on the fields: (`code`)
   √ó Chat Integration Tests > Chat Context Retrieval > should retrieve work center context 7ms
     ‚Üí 
Invalid `prisma.enterprise.create()` invocation in
/mnt/d/Source/manufacturing-analytics-platform/src/__tests__/integration/chat.integration.test.ts:6:46

  3 
  4 // Helper function to create test hierarchy
  5 async function createTestHierarchy() {
‚Üí 6   const enterprise = await prisma.enterprise.create(
Unique constraint failed on the fields: (`code`)
   √ó Chat Integration Tests > Chat Context Retrieval > should retrieve maintenance schedule context 9ms
     ‚Üí 
Invalid `prisma.enterprise.create()` invocation in
/mnt/d/Source/manufacturing-analytics-platform/src/__tests__/integration/chat.integration.test.ts:6:46

  3 
  4 // Helper function to create test hierarchy
  5 async function createTestHierarchy() {
‚Üí 6   const enterprise = await prisma.enterprise.create(
Unique constraint failed on the fields: (`code`)
   √ó Chat Integration Tests > Chat Context Retrieval > should retrieve quality metrics context 9ms
     ‚Üí 
Invalid `prisma.enterprise.create()` invocation in
/mnt/d/Source/manufacturing-analytics-platform/src/__tests__/integration/chat.integration.test.ts:6:46

  3 
  4 // Helper function to create test hierarchy
  5 async function createTestHierarchy() {
‚Üí 6   const enterprise = await prisma.enterprise.create(
Unique constraint failed on the fields: (`code`)
   √ó Chat Integration Tests > Chat Query Processing > should handle OEE calculation queries 7ms
     ‚Üí 
Invalid `prisma.enterprise.create()` invocation in
/mnt/d/Source/manufacturing-analytics-platform/src/__tests__/integration/chat.integration.test.ts:6:46

  3 
  4 // Helper function to create test hierarchy
  5 async function createTestHierarchy() {
‚Üí 6   const enterprise = await prisma.enterprise.create(
Unique constraint failed on the fields: (`code`)
   √ó Chat Integration Tests > Chat Query Processing > should handle downtime analysis queries 7ms
     ‚Üí 
Invalid `prisma.enterprise.create()` invocation in
/mnt/d/Source/manufacturing-analytics-platform/src/__tests__/integration/chat.integration.test.ts:6:46

  3 
  4 // Helper function to create test hierarchy
  5 async function createTestHierarchy() {
‚Üí 6   const enterprise = await prisma.enterprise.create(
Unique constraint failed on the fields: (`code`)
   √ó Chat Integration Tests > Chat Query Processing > should provide production insights 6ms
     ‚Üí 
Invalid `prisma.enterprise.create()` invocation in
/mnt/d/Source/manufacturing-analytics-platform/src/__tests__/integration/chat.integration.test.ts:6:46

  3 
  4 // Helper function to create test hierarchy
  5 async function createTestHierarchy() {
‚Üí 6   const enterprise = await prisma.enterprise.create(
Unique constraint failed on the fields: (`code`)
   √ó Chat Integration Tests > Chat Response Generation > should generate appropriate responses for equipment status 7ms
     ‚Üí 
Invalid `prisma.enterprise.create()` invocation in
/mnt/d/Source/manufacturing-analytics-platform/src/__tests__/integration/chat.integration.test.ts:6:46

  3 
  4 // Helper function to create test hierarchy
  5 async function createTestHierarchy() {
‚Üí 6   const enterprise = await prisma.enterprise.create(
Unique constraint failed on the fields: (`code`)
   √ó Chat Integration Tests > Chat Response Generation > should handle multi-context queries 7ms
     ‚Üí 
Invalid `prisma.enterprise.create()` invocation in
/mnt/d/Source/manufacturing-analytics-platform/src/__tests__/integration/chat.integration.test.ts:6:46

  3 
  4 // Helper function to create test hierarchy
  5 async function createTestHierarchy() {
‚Üí 6   const enterprise = await prisma.enterprise.create(
Unique constraint failed on the fields: (`code`)
   √ó Chat Integration Tests > Chat Response Generation > should provide hierarchical context for site-level queries 7ms
     ‚Üí 
Invalid `prisma.enterprise.create()` invocation in
/mnt/d/Source/manufacturing-analytics-platform/src/__tests__/integration/chat.integration.test.ts:6:46

  3 
  4 // Helper function to create test hierarchy
  5 async function createTestHierarchy() {
‚Üí 6   const enterprise = await prisma.enterprise.create(
Unique constraint failed on the fields: (`code`)
stdout | src/__tests__/integration/database.integration.test.ts > Database Integration Tests > WorkUnit Operations > should create and retrieve equipment
prisma:error 
Invalid `prisma.enterprise.create()` invocation in
/mnt/d/Source/manufacturing-analytics-platform/src/__tests__/integration/database.integration.test.ts:6:46

  3 
  4 // Helper function to create test hierarchy
  5 async function createTestHierarchy() {
‚Üí 6   const enterprise = await prisma.enterprise.create(
Unique constraint failed on the fields: (`code`)

stdout | src/__tests__/integration/database.integration.test.ts > Database Integration Tests > WorkUnit Operations > should update equipment status
prisma:error 
Invalid `prisma.enterprise.create()` invocation in
/mnt/d/Source/manufacturing-analytics-platform/src/__tests__/integration/database.integration.test.ts:6:46

  3 
  4 // Helper function to create test hierarchy
  5 async function createTestHierarchy() {
‚Üí 6   const enterprise = await prisma.enterprise.create(
Unique constraint failed on the fields: (`code`)

stdout | src/__tests__/integration/database.integration.test.ts > Database Integration Tests > WorkUnit Operations > should handle work unit deletion with alerts
prisma:error 
Invalid `prisma.enterprise.create()` invocation in
/mnt/d/Source/manufacturing-analytics-platform/src/__tests__/integration/database.integration.test.ts:6:46

  3 
  4 // Helper function to create test hierarchy
  5 async function createTestHierarchy() {
‚Üí 6   const enterprise = await prisma.enterprise.create(
Unique constraint failed on the fields: (`code`)

stdout | src/__tests__/integration/database.integration.test.ts > Database Integration Tests > Performance Metrics Operations > should create and aggregate performance metrics
prisma:error 
Invalid `prisma.enterprise.create()` invocation in
/mnt/d/Source/manufacturing-analytics-platform/src/__tests__/integration/database.integration.test.ts:6:46

  3 
  4 // Helper function to create test hierarchy
  5 async function createTestHierarchy() {
‚Üí 6   const enterprise = await prisma.enterprise.create(
Unique constraint failed on the fields: (`code`)

stdout | src/__tests__/integration/database.integration.test.ts > Database Integration Tests > Performance Metrics Operations > should query metrics by time range
prisma:error 
Invalid `prisma.enterprise.create()` invocation in
/mnt/d/Source/manufacturing-analytics-platform/src/__tests__/integration/database.integration.test.ts:6:46

  3 
  4 // Helper function to create test hierarchy
  5 async function createTestHierarchy() {
‚Üí 6   const enterprise = await prisma.enterprise.create(
Unique constraint failed on the fields: (`code`)

stdout | src/__tests__/integration/database.integration.test.ts > Database Integration Tests > Alert Management > should create and update alert status
prisma:error 
Invalid `prisma.enterprise.create()` invocation in
/mnt/d/Source/manufacturing-analytics-platform/src/__tests__/integration/database.integration.test.ts:6:46

  3 
  4 // Helper function to create test hierarchy
  5 async function createTestHierarchy() {
‚Üí 6   const enterprise = await prisma.enterprise.create(
Unique constraint failed on the fields: (`code`)

stdout | src/__tests__/integration/database.integration.test.ts > Database Integration Tests > Alert Management > should query active alerts with equipment details
prisma:error 
Invalid `prisma.enterprise.create()` invocation in
/mnt/d/Source/manufacturing-analytics-platform/src/__tests__/integration/database.integration.test.ts:6:46

  3 
  4 // Helper function to create test hierarchy
  5 async function createTestHierarchy() {
‚Üí 6   const enterprise = await prisma.enterprise.create(
Unique constraint failed on the fields: (`code`)

stdout | src/__tests__/integration/database.integration.test.ts > Database Integration Tests > Production Operations > should create production workflow with work center
prisma:error 
Invalid `prisma.enterprise.create()` invocation in
/mnt/d/Source/manufacturing-analytics-platform/src/__tests__/integration/database.integration.test.ts:6:46

  3 
  4 // Helper function to create test hierarchy
  5 async function createTestHierarchy() {
‚Üí 6   const enterprise = await prisma.enterprise.create(
Unique constraint failed on the fields: (`code`)

stdout | src/__tests__/integration/database.integration.test.ts > Database Integration Tests > Production Operations > should handle production orders workflow
prisma:error 
Invalid `prisma.enterprise.create()` invocation in
/mnt/d/Source/manufacturing-analytics-platform/src/__tests__/integration/database.integration.test.ts:6:46

  3 
  4 // Helper function to create test hierarchy
  5 async function createTestHierarchy() {
‚Üí 6   const enterprise = await prisma.enterprise.create(
Unique constraint failed on the fields: (`code`)

stdout | src/__tests__/integration/database.integration.test.ts > Database Integration Tests > Complex Queries > should calculate OEE trends by equipment
prisma:error 
Invalid `prisma.enterprise.create()` invocation in
/mnt/d/Source/manufacturing-analytics-platform/src/__tests__/integration/database.integration.test.ts:6:46

  3 
  4 // Helper function to create test hierarchy
  5 async function createTestHierarchy() {
‚Üí 6   const enterprise = await prisma.enterprise.create(
Unique constraint failed on the fields: (`code`)

stdout | src/__tests__/integration/database.integration.test.ts > Database Integration Tests > Complex Queries > should handle time-series data for Analytics queries
prisma:error 
Invalid `prisma.enterprise.create()` invocation in
/mnt/d/Source/manufacturing-analytics-platform/src/__tests__/integration/database.integration.test.ts:6:46

  3 
  4 // Helper function to create test hierarchy
  5 async function createTestHierarchy() {
‚Üí 6   const enterprise = await prisma.enterprise.create(
Unique constraint failed on the fields: (`code`)

 ‚ùØ |integration| src/__tests__/integration/database.integration.test.ts (11 tests | 11 failed) 597ms
   √ó Database Integration Tests > WorkUnit Operations > should create and retrieve equipment 525ms
     ‚Üí 
Invalid `prisma.enterprise.create()` invocation in
/mnt/d/Source/manufacturing-analytics-platform/src/__tests__/integration/database.integration.test.ts:6:46

  3 
  4 // Helper function to create test hierarchy
  5 async function createTestHierarchy() {
‚Üí 6   const enterprise = await prisma.enterprise.create(
Unique constraint failed on the fields: (`code`)
   √ó Database Integration Tests > WorkUnit Operations > should update equipment status 7ms
     ‚Üí 
Invalid `prisma.enterprise.create()` invocation in
/mnt/d/Source/manufacturing-analytics-platform/src/__tests__/integration/database.integration.test.ts:6:46

  3 
  4 // Helper function to create test hierarchy
  5 async function createTestHierarchy() {
‚Üí 6   const enterprise = await prisma.enterprise.create(
Unique constraint failed on the fields: (`code`)
   √ó Database Integration Tests > WorkUnit Operations > should handle work unit deletion with alerts 7ms
     ‚Üí 
Invalid `prisma.enterprise.create()` invocation in
/mnt/d/Source/manufacturing-analytics-platform/src/__tests__/integration/database.integration.test.ts:6:46

  3 
  4 // Helper function to create test hierarchy
  5 async function createTestHierarchy() {
‚Üí 6   const enterprise = await prisma.enterprise.create(
Unique constraint failed on the fields: (`code`)
   √ó Database Integration Tests > Performance Metrics Operations > should create and aggregate performance metrics 6ms
     ‚Üí 
Invalid `prisma.enterprise.create()` invocation in
/mnt/d/Source/manufacturing-analytics-platform/src/__tests__/integration/database.integration.test.ts:6:46

  3 
  4 // Helper function to create test hierarchy
  5 async function createTestHierarchy() {
‚Üí 6   const enterprise = await prisma.enterprise.create(
Unique constraint failed on the fields: (`code`)
   √ó Database Integration Tests > Performance Metrics Operations > should query metrics by time range 6ms
     ‚Üí 
Invalid `prisma.enterprise.create()` invocation in
/mnt/d/Source/manufacturing-analytics-platform/src/__tests__/integration/database.integration.test.ts:6:46

  3 
  4 // Helper function to create test hierarchy
  5 async function createTestHierarchy() {
‚Üí 6   const enterprise = await prisma.enterprise.create(
Unique constraint failed on the fields: (`code`)
   √ó Database Integration Tests > Alert Management > should create and update alert status 6ms
     ‚Üí 
Invalid `prisma.enterprise.create()` invocation in
/mnt/d/Source/manufacturing-analytics-platform/src/__tests__/integration/database.integration.test.ts:6:46

  3 
  4 // Helper function to create test hierarchy
  5 async function createTestHierarchy() {
‚Üí 6   const enterprise = await prisma.enterprise.create(
Unique constraint failed on the fields: (`code`)
   √ó Database Integration Tests > Alert Management > should query active alerts with equipment details 8ms
     ‚Üí 
Invalid `prisma.enterprise.create()` invocation in
/mnt/d/Source/manufacturing-analytics-platform/src/__tests__/integration/database.integration.test.ts:6:46

  3 
  4 // Helper function to create test hierarchy
  5 async function createTestHierarchy() {
‚Üí 6   const enterprise = await prisma.enterprise.create(
Unique constraint failed on the fields: (`code`)
   √ó Database Integration Tests > Production Operations > should create production workflow with work center 6ms
     ‚Üí 
Invalid `prisma.enterprise.create()` invocation in
/mnt/d/Source/manufacturing-analytics-platform/src/__tests__/integration/database.integration.test.ts:6:46

  3 
  4 // Helper function to create test hierarchy
  5 async function createTestHierarchy() {
‚Üí 6   const enterprise = await prisma.enterprise.create(
Unique constraint failed on the fields: (`code`)
   √ó Database Integration Tests > Production Operations > should handle production orders workflow 7ms
     ‚Üí 
Invalid `prisma.enterprise.create()` invocation in
/mnt/d/Source/manufacturing-analytics-platform/src/__tests__/integration/database.integration.test.ts:6:46

  3 
  4 // Helper function to create test hierarchy
  5 async function createTestHierarchy() {
‚Üí 6   const enterprise = await prisma.enterprise.create(
Unique constraint failed on the fields: (`code`)
   √ó Database Integration Tests > Complex Queries > should calculate OEE trends by equipment 7ms
     ‚Üí 
Invalid `prisma.enterprise.create()` invocation in
/mnt/d/Source/manufacturing-analytics-platform/src/__tests__/integration/database.integration.test.ts:6:46

  3 
  4 // Helper function to create test hierarchy
  5 async function createTestHierarchy() {
‚Üí 6   const enterprise = await prisma.enterprise.create(
Unique constraint failed on the fields: (`code`)
   √ó Database Integration Tests > Complex Queries > should handle time-series data for Analytics queries 8ms
     ‚Üí 
Invalid `prisma.enterprise.create()` invocation in
/mnt/d/Source/manufacturing-analytics-platform/src/__tests__/integration/database.integration.test.ts:6:46

  3 
  4 // Helper function to create test hierarchy
  5 async function createTestHierarchy() {
‚Üí 6   const enterprise = await prisma.enterprise.create(
Unique constraint failed on the fields: (`code`)
stdout | src/__tests__/integration/services.integration.test.ts > Service Layer Integration Tests > Equipment Service Tests > should manage equipment lifecycle
prisma:error 
Invalid `prisma.enterprise.create()` invocation in
/mnt/d/Source/manufacturing-analytics-platform/src/__tests__/integration/services.integration.test.ts:6:46

  3 
  4 // Helper function to create test hierarchy
  5 async function createTestHierarchy() {
‚Üí 6   const enterprise = await prisma.enterprise.create(
Unique constraint failed on the fields: (`code`)

stdout | src/__tests__/integration/services.integration.test.ts > Service Layer Integration Tests > Alert Service Tests > should manage alert lifecycle
prisma:error 
Invalid `prisma.enterprise.create()` invocation in
/mnt/d/Source/manufacturing-analytics-platform/src/__tests__/integration/services.integration.test.ts:6:46

  3 
  4 // Helper function to create test hierarchy
  5 async function createTestHierarchy() {
‚Üí 6   const enterprise = await prisma.enterprise.create(
Unique constraint failed on the fields: (`code`)

stdout | src/__tests__/integration/services.integration.test.ts > Service Layer Integration Tests > Metrics Service Tests > should handle time-series metrics
prisma:error 
Invalid `prisma.enterprise.create()` invocation in
/mnt/d/Source/manufacturing-analytics-platform/src/__tests__/integration/services.integration.test.ts:6:46

  3 
  4 // Helper function to create test hierarchy
  5 async function createTestHierarchy() {
‚Üí 6   const enterprise = await prisma.enterprise.create(
Unique constraint failed on the fields: (`code`)

stdout | src/__tests__/integration/services.integration.test.ts > Service Layer Integration Tests > Production Workflow Tests > should handle complete production cycle
prisma:error 
Invalid `prisma.enterprise.create()` invocation in
/mnt/d/Source/manufacturing-analytics-platform/src/__tests__/integration/services.integration.test.ts:6:46

  3 
  4 // Helper function to create test hierarchy
  5 async function createTestHierarchy() {
‚Üí 6   const enterprise = await prisma.enterprise.create(
Unique constraint failed on the fields: (`code`)

 ‚ùØ |integration| src/__tests__/integration/services.integration.test.ts (4 tests | 4 failed) 549ms
   √ó Service Layer Integration Tests > Equipment Service Tests > should manage equipment lifecycle 526ms
     ‚Üí 
Invalid `prisma.enterprise.create()` invocation in
/mnt/d/Source/manufacturing-analytics-platform/src/__tests__/integration/services.integration.test.ts:6:46

  3 
  4 // Helper function to create test hierarchy
  5 async function createTestHierarchy() {
‚Üí 6   const enterprise = await prisma.enterprise.create(
Unique constraint failed on the fields: (`code`)
   √ó Service Layer Integration Tests > Alert Service Tests > should manage alert lifecycle 9ms
     ‚Üí 
Invalid `prisma.enterprise.create()` invocation in
/mnt/d/Source/manufacturing-analytics-platform/src/__tests__/integration/services.integration.test.ts:6:46

  3 
  4 // Helper function to create test hierarchy
  5 async function createTestHierarchy() {
‚Üí 6   const enterprise = await prisma.enterprise.create(
Unique constraint failed on the fields: (`code`)
   √ó Service Layer Integration Tests > Metrics Service Tests > should handle time-series metrics 6ms
     ‚Üí 
Invalid `prisma.enterprise.create()` invocation in
/mnt/d/Source/manufacturing-analytics-platform/src/__tests__/integration/services.integration.test.ts:6:46

  3 
  4 // Helper function to create test hierarchy
  5 async function createTestHierarchy() {
‚Üí 6   const enterprise = await prisma.enterprise.create(
Unique constraint failed on the fields: (`code`)
   √ó Service Layer Integration Tests > Production Workflow Tests > should handle complete production cycle 7ms
     ‚Üí 
Invalid `prisma.enterprise.create()` invocation in
/mnt/d/Source/manufacturing-analytics-platform/src/__tests__/integration/services.integration.test.ts:6:46

  3 
  4 // Helper function to create test hierarchy
  5 async function createTestHierarchy() {
‚Üí 6   const enterprise = await prisma.enterprise.create(
Unique constraint failed on the fields: (`code`)
 ‚úì |unit| src/__tests__/lib/auth/AuthService.test.ts (18 tests | 4 skipped) 75ms
stdout | src/__tests__/integration/api.integration.test.ts > API Integration Tests > Database API Operations > should perform workUnit CRUD operations
prisma:error 
Invalid `prisma.enterprise.create()` invocation in
/mnt/d/Source/manufacturing-analytics-platform/src/__tests__/integration/api.integration.test.ts:6:46

  3 
  4 // Helper function to create test hierarchy
  5 async function createTestHierarchy() {
‚Üí 6   const enterprise = await prisma.enterprise.create(
Unique constraint failed on the fields: (`code`)

stdout | src/__tests__/integration/api.integration.test.ts > API Integration Tests > Database API Operations > should handle alert operations with workUnit relationship
prisma:error 
Invalid `prisma.enterprise.create()` invocation in
/mnt/d/Source/manufacturing-analytics-platform/src/__tests__/integration/api.integration.test.ts:6:46

  3 
  4 // Helper function to create test hierarchy
  5 async function createTestHierarchy() {
‚Üí 6   const enterprise = await prisma.enterprise.create(
Unique constraint failed on the fields: (`code`)

stdout | src/__tests__/integration/api.integration.test.ts > API Integration Tests > Database API Operations > should handle metrics ingestion and querying
prisma:error 
Invalid `prisma.enterprise.create()` invocation in
/mnt/d/Source/manufacturing-analytics-platform/src/__tests__/integration/api.integration.test.ts:6:46

  3 
  4 // Helper function to create test hierarchy
  5 async function createTestHierarchy() {
‚Üí 6   const enterprise = await prisma.enterprise.create(
Unique constraint failed on the fields: (`code`)

stdout | src/__tests__/integration/api.integration.test.ts > API Integration Tests > Database API Operations > should handle complex production workflow
prisma:error 
Invalid `prisma.enterprise.create()` invocation in
/mnt/d/Source/manufacturing-analytics-platform/src/__tests__/integration/api.integration.test.ts:6:46

  3 
  4 // Helper function to create test hierarchy
  5 async function createTestHierarchy() {
‚Üí 6   const enterprise = await prisma.enterprise.create(
Unique constraint failed on the fields: (`code`)

 ‚ùØ |integration| src/__tests__/integration/api.integration.test.ts (4 tests | 4 failed) 244ms
   √ó API Integration Tests > Database API Operations > should perform workUnit CRUD operations 224ms
     ‚Üí 
Invalid `prisma.enterprise.create()` invocation in
/mnt/d/Source/manufacturing-analytics-platform/src/__tests__/integration/api.integration.test.ts:6:46

  3 
  4 // Helper function to create test hierarchy
  5 async function createTestHierarchy() {
‚Üí 6   const enterprise = await prisma.enterprise.create(
Unique constraint failed on the fields: (`code`)
   √ó API Integration Tests > Database API Operations > should handle alert operations with workUnit relationship 6ms
     ‚Üí 
Invalid `prisma.enterprise.create()` invocation in
/mnt/d/Source/manufacturing-analytics-platform/src/__tests__/integration/api.integration.test.ts:6:46

  3 
  4 // Helper function to create test hierarchy
  5 async function createTestHierarchy() {
‚Üí 6   const enterprise = await prisma.enterprise.create(
Unique constraint failed on the fields: (`code`)
   √ó API Integration Tests > Database API Operations > should handle metrics ingestion and querying 6ms
     ‚Üí 
Invalid `prisma.enterprise.create()` invocation in
/mnt/d/Source/manufacturing-analytics-platform/src/__tests__/integration/api.integration.test.ts:6:46

  3 
  4 // Helper function to create test hierarchy
  5 async function createTestHierarchy() {
‚Üí 6   const enterprise = await prisma.enterprise.create(
Unique constraint failed on the fields: (`code`)
   √ó API Integration Tests > Database API Operations > should handle complex production workflow 6ms
     ‚Üí 
Invalid `prisma.enterprise.create()` invocation in
/mnt/d/Source/manufacturing-analytics-platform/src/__tests__/integration/api.integration.test.ts:6:46

  3 
  4 // Helper function to create test hierarchy
  5 async function createTestHierarchy() {
‚Üí 6   const enterprise = await prisma.enterprise.create(
Unique constraint failed on the fields: (`code`)
 ‚ùØ |unit| src/__tests__/lib/error/ErrorHandler.test.ts (18 tests | 1 failed) 1321ms
   √ó ErrorHandler > logError > should send alerts for critical errors 30ms
     ‚Üí expected "spy" to be called with arguments: [ ‚Ä¶(1) ]

Received: 



Number of calls: 0

   ‚úì ErrorHandler > withRetry > should respect maxAttempts limit 1007ms
 ‚ùØ |integration| src/__tests__/integration/agents.integration.test.ts (0 test)
 ‚ùØ |components| src/__tests__/components/AlertItem.test.tsx (9 tests | 9 failed) 21ms
   √ó AlertItem > renders alert information correctly 13ms
     ‚Üí React is not defined
   √ó AlertItem > displays correct icon based on alert type 2ms
     ‚Üí React is not defined
   √ó AlertItem > applies correct severity styling 1ms
     ‚Üí React is not defined
   √ó AlertItem > shows acknowledge button for active alerts 1ms
     ‚Üí React is not defined
   √ó AlertItem > shows resolve button for acknowledged alerts 1ms
     ‚Üí React is not defined
   √ó AlertItem > hides action buttons for resolved alerts 1ms
     ‚Üí React is not defined
   √ó AlertItem > calls onAcknowledge when acknowledge button is clicked 1ms
     ‚Üí React is not defined
   √ó AlertItem > calls onResolve when resolve button is clicked 1ms
     ‚Üí React is not defined
   √ó AlertItem > formats timestamp correctly 1ms
     ‚Üí React is not defined
 ‚ùØ |components| src/__tests__/components/KPICard.test.tsx (8 tests | 8 failed) 16ms
   √ó KPICard > renders KPI name and value 11ms
     ‚Üí React is not defined
   √ó KPICard > displays upward trend correctly 1ms
     ‚Üí React is not defined
   √ó KPICard > displays downward trend correctly 1ms
     ‚Üí React is not defined
   √ó KPICard > displays neutral trend correctly 0ms
     ‚Üí React is not defined
   √ó KPICard > shows target when provided 0ms
     ‚Üí React is not defined
   √ó KPICard > hides target when not provided 0ms
     ‚Üí React is not defined
   √ó KPICard > handles missing change value 0ms
     ‚Üí React is not defined
   √ó KPICard > applies correct data-testid 0ms
     ‚Üí React is not defined
 ‚ùØ |components| src/__tests__/components/charts/ManufacturingCharts.test.tsx (20 tests | 6 failed) 153ms
   √ó ManufacturingCharts Components - Error Handling > PieChart > should handle undefined data prop 58ms
     ‚Üí Unable to find an element with the text: No data available. This could be because the text is broken up by multiple elements. In this case, you can provide a function for your text matcher to make your matcher more flexible.

Ignored nodes: comments, script, style
[36m<body>[39m
  [36m<div>[39m
    [36m<div[39m
      [33mclass[39m=[32m"recharts-responsive-container"[39m
      [33mstyle[39m=[32m"width: 100%; height: 300px; min-width: 0;"[39m
    [36m/>[39m
  [36m</div>[39m
[36m</body>[39m
   √ó ManufacturingCharts Components - Error Handling > HeatmapChart > should handle undefined data prop 4ms
     ‚Üí Unable to find an element with the text: No data available. This could be because the text is broken up by multiple elements. In this case, you can provide a function for your text matcher to make your matcher more flexible.

Ignored nodes: comments, script, style
[36m<body>[39m
  [36m<div>[39m
    [36m<div[39m
      [33mclass[39m=[32m"grid grid-cols-12 gap-1"[39m
      [33mstyle[39m=[32m"height: 300px;"[39m
    [36m/>[39m
  [36m</div>[39m
[36m</body>[39m
   √ó ManufacturingCharts Components - Error Handling > TimeSeriesChart > should handle undefined data prop 19ms
     ‚Üí expect(received).toBeInTheDocument()

received value must be an HTMLElement or an SVGElement.

   √ó ManufacturingCharts Components - Error Handling > TimeSeriesChart > should handle null data prop 4ms
     ‚Üí expect(received).toBeInTheDocument()

received value must be an HTMLElement or an SVGElement.

   √ó ManufacturingCharts Components - Error Handling > TimeSeriesChart > should render with valid data 4ms
     ‚Üí expect(received).toBeInTheDocument()

received value must be an HTMLElement or an SVGElement.

   √ó ManufacturingCharts Components - Error Handling > GaugeChart > should render with valid props 8ms
     ‚Üí Unable to find an element with the text: 75%. This could be because the text is broken up by multiple elements. In this case, you can provide a function for your text matcher to make your matcher more flexible.

Ignored nodes: comments, script, style
[36m<body>[39m
  [36m<div>[39m
    [36m<div[39m
      [33mclass[39m=[32m"h-full flex flex-col items-center justify-center"[39m
    [36m>[39m
      [36m<div[39m
        [33mclass[39m=[32m"recharts-responsive-container"[39m
        [33mstyle[39m=[32m"width: 100%; height: 200px; min-width: 0;"[39m
      [36m>[39m
        [36m<div[39m
          [33mclass[39m=[32m"recharts-responsive-container"[39m
          [33mstyle[39m=[32m"width: 100%; height: 200px; min-width: 0;"[39m
        [36m/>[39m
      [36m</div>[39m
      [36m<div[39m
        [33mclass[39m=[32m"text-center -mt-28"[39m
      [36m>[39m
        [36m<div[39m
          [33mclass[39m=[32m"text-3xl font-bold"[39m
          [33mstyle[39m=[32m"color: rgb(16, 185, 129);"[39m
        [36m>[39m
          [0m75.0[0m
        [36m</div>[39m
        [36m<div[39m
          [33mclass[39m=[32m"text-sm text-gray-400"[39m
        [36m>[39m
          [0m%[0m
        [36m</div>[39m
      [36m</div>[39m
      [36m<div[39m
        [33mclass[39m=[32m"text-sm text-gray-300 mt-8"[39m
      [36m>[39m
        [0mOEE[0m
      [36m</div>[39m
    [36m</div>[39m
  [36m</div>[39m
[36m</body>[39m
 ‚úì |components| src/__tests__/components/Card.test.tsx (6 tests) 43ms

‚éØ‚éØ‚éØ‚éØ‚éØ‚éØ Failed Suites 2 ‚éØ‚éØ‚éØ‚éØ‚éØ‚éØ‚éØ

 FAIL |integration|  src/__tests__/integration/agents.integration.test.ts [ src/__tests__/integration/agents.integration.test.ts ]
TypeError: this.purify.setConfig is not a function
 ‚ùØ new InputSanitizer src/lib/security/validation.ts:64:17
     62|     
     63|     // Configure DOMPurify for strict sanitization
     64|     this.purify.setConfig({
       |                 ^
     65|       ALLOWED_TAGS: ['b', 'i', 'em', 'strong', 'a', 'p', 'br'],
     66|       ALLOWED_ATTR: ['href', 'title'],
 ‚ùØ src/lib/security/validation.ts:200:26
 ‚ùØ src/lib/agents/IntentClassifierAgentV2.ts:7:31

‚éØ‚éØ‚éØ‚éØ‚éØ‚éØ‚éØ‚éØ‚éØ‚éØ‚éØ‚éØ‚éØ‚éØ‚éØ‚éØ‚éØ‚éØ‚éØ‚éØ‚éØ‚éØ‚éØ[1/59]‚éØ

 FAIL |integration|  src/__tests__/integration/manufacturing.integration.test.ts [ src/__tests__/integration/manufacturing.integration.test.ts ]
TypeError: Invalid enum value: __esModule
 ‚ùØ Object.get node_modules/@prisma/client/runtime/library.js:131:1065
 ‚ùØ src/__tests__/integration/manufacturing.integration.test.ts:3:25
      1| /**
      2|  * Manufacturing Integration Tests
      3|  * End-to-end integration tests for manufacturing components and data ‚Ä¶
       |                         ^
      4|  */
      5| 

‚éØ‚éØ‚éØ‚éØ‚éØ‚éØ‚éØ‚éØ‚éØ‚éØ‚éØ‚éØ‚éØ‚éØ‚éØ‚éØ‚éØ‚éØ‚éØ‚éØ‚éØ‚éØ‚éØ[2/59]‚éØ

‚éØ‚éØ‚éØ‚éØ‚éØ‚éØ Failed Tests 57 ‚éØ‚éØ‚éØ‚éØ‚éØ‚éØ‚éØ

 FAIL |integration|  src/__tests__/integration/api.integration.test.ts > API Integration Tests > Database API Operations > should perform workUnit CRUD operations
PrismaClientKnownRequestError: 
Invalid `prisma.enterprise.create()` invocation in
/mnt/d/Source/manufacturing-analytics-platform/src/__tests__/integration/api.integration.test.ts:6:46

  3 
  4 // Helper function to create test hierarchy
  5 async function createTestHierarchy() {
‚Üí 6   const enterprise = await prisma.enterprise.create(
Unique constraint failed on the fields: (`code`)
 ‚ùØ $n.handleRequestError node_modules/@prisma/client/runtime/library.js:121:7315
 ‚ùØ $n.handleAndLogRequestError node_modules/@prisma/client/runtime/library.js:121:6623
 ‚ùØ $n.request node_modules/@prisma/client/runtime/library.js:121:6307
 ‚ùØ l node_modules/@prisma/client/runtime/library.js:130:9633
 ‚ùØ createTestHierarchy src/__tests__/integration/api.integration.test.ts:6:22
      4| // Helper function to create test hierarchy
      5| async function createTestHierarchy() {
      6|   const enterprise = await prisma.enterprise.create({
       |                      ^
      7|     data: {
      8|       id: `ent-${Date.now()}`,
 ‚ùØ src/__tests__/integration/api.integration.test.ts:65:50

‚éØ‚éØ‚éØ‚éØ‚éØ‚éØ‚éØ‚éØ‚éØ‚éØ‚éØ‚éØ‚éØ‚éØ‚éØ‚éØ‚éØ‚éØ‚éØ‚éØ‚éØ‚éØ‚éØ[3/59]‚éØ

 FAIL |integration|  src/__tests__/integration/api.integration.test.ts > API Integration Tests > Database API Operations > should handle alert operations with workUnit relationship
PrismaClientKnownRequestError: 
Invalid `prisma.enterprise.create()` invocation in
/mnt/d/Source/manufacturing-analytics-platform/src/__tests__/integration/api.integration.test.ts:6:46

  3 
  4 // Helper function to create test hierarchy
  5 async function createTestHierarchy() {
‚Üí 6   const enterprise = await prisma.enterprise.create(
Unique constraint failed on the fields: (`code`)
 ‚ùØ $n.handleRequestError node_modules/@prisma/client/runtime/library.js:121:7315
 ‚ùØ $n.handleAndLogRequestError node_modules/@prisma/client/runtime/library.js:121:6623
 ‚ùØ $n.request node_modules/@prisma/client/runtime/library.js:121:6307
 ‚ùØ l node_modules/@prisma/client/runtime/library.js:130:9633
 ‚ùØ createTestHierarchy src/__tests__/integration/api.integration.test.ts:6:22
      4| // Helper function to create test hierarchy
      5| async function createTestHierarchy() {
      6|   const enterprise = await prisma.enterprise.create({
       |                      ^
      7|     data: {
      8|       id: `ent-${Date.now()}`,
 ‚ùØ src/__tests__/integration/api.integration.test.ts:119:28

‚éØ‚éØ‚éØ‚éØ‚éØ‚éØ‚éØ‚éØ‚éØ‚éØ‚éØ‚éØ‚éØ‚éØ‚éØ‚éØ‚éØ‚éØ‚éØ‚éØ‚éØ‚éØ‚éØ[4/59]‚éØ

 FAIL |integration|  src/__tests__/integration/api.integration.test.ts > API Integration Tests > Database API Operations > should handle metrics ingestion and querying
PrismaClientKnownRequestError: 
Invalid `prisma.enterprise.create()` invocation in
/mnt/d/Source/manufacturing-analytics-platform/src/__tests__/integration/api.integration.test.ts:6:46

  3 
  4 // Helper function to create test hierarchy
  5 async function createTestHierarchy() {
‚Üí 6   const enterprise = await prisma.enterprise.create(
Unique constraint failed on the fields: (`code`)
 ‚ùØ $n.handleRequestError node_modules/@prisma/client/runtime/library.js:121:7315
 ‚ùØ $n.handleAndLogRequestError node_modules/@prisma/client/runtime/library.js:121:6623
 ‚ùØ $n.request node_modules/@prisma/client/runtime/library.js:121:6307
 ‚ùØ l node_modules/@prisma/client/runtime/library.js:130:9633
 ‚ùØ createTestHierarchy src/__tests__/integration/api.integration.test.ts:6:22
      4| // Helper function to create test hierarchy
      5| async function createTestHierarchy() {
      6|   const enterprise = await prisma.enterprise.create({
       |                      ^
      7|     data: {
      8|       id: `ent-${Date.now()}`,
 ‚ùØ src/__tests__/integration/api.integration.test.ts:160:28

‚éØ‚éØ‚éØ‚éØ‚éØ‚éØ‚éØ‚éØ‚éØ‚éØ‚éØ‚éØ‚éØ‚éØ‚éØ‚éØ‚éØ‚éØ‚éØ‚éØ‚éØ‚éØ‚éØ[5/59]‚éØ

 FAIL |integration|  src/__tests__/integration/api.integration.test.ts > API Integration Tests > Database API Operations > should handle complex production workflow
PrismaClientKnownRequestError: 
Invalid `prisma.enterprise.create()` invocation in
/mnt/d/Source/manufacturing-analytics-platform/src/__tests__/integration/api.integration.test.ts:6:46

  3 
  4 // Helper function to create test hierarchy
  5 async function createTestHierarchy() {
‚Üí 6   const enterprise = await prisma.enterprise.create(
Unique constraint failed on the fields: (`code`)
 ‚ùØ $n.handleRequestError node_modules/@prisma/client/runtime/library.js:121:7315
 ‚ùØ $n.handleAndLogRequestError node_modules/@prisma/client/runtime/library.js:121:6623
 ‚ùØ $n.request node_modules/@prisma/client/runtime/library.js:121:6307
 ‚ùØ l node_modules/@prisma/client/runtime/library.js:130:9633
 ‚ùØ createTestHierarchy src/__tests__/integration/api.integration.test.ts:6:22
      4| // Helper function to create test hierarchy
      5| async function createTestHierarchy() {
      6|   const enterprise = await prisma.enterprise.create({
       |                      ^
      7|     data: {
      8|       id: `ent-${Date.now()}`,
 ‚ùØ src/__tests__/integration/api.integration.test.ts:213:54

‚éØ‚éØ‚éØ‚éØ‚éØ‚éØ‚éØ‚éØ‚éØ‚éØ‚éØ‚éØ‚éØ‚éØ‚éØ‚éØ‚éØ‚éØ‚éØ‚éØ‚éØ‚éØ‚éØ[6/59]‚éØ

 FAIL |integration|  src/__tests__/integration/chat.integration.test.ts > Chat Integration Tests > Chat Context Retrieval > should retrieve equipment context for equipment queries
PrismaClientKnownRequestError: 
Invalid `prisma.enterprise.create()` invocation in
/mnt/d/Source/manufacturing-analytics-platform/src/__tests__/integration/chat.integration.test.ts:6:46

  3 
  4 // Helper function to create test hierarchy
  5 async function createTestHierarchy() {
‚Üí 6   const enterprise = await prisma.enterprise.create(
Unique constraint failed on the fields: (`code`)
 ‚ùØ $n.handleRequestError node_modules/@prisma/client/runtime/library.js:121:7315
 ‚ùØ $n.handleAndLogRequestError node_modules/@prisma/client/runtime/library.js:121:6623
 ‚ùØ $n.request node_modules/@prisma/client/runtime/library.js:121:6307
 ‚ùØ l node_modules/@prisma/client/runtime/library.js:130:9633
 ‚ùØ createTestHierarchy src/__tests__/integration/chat.integration.test.ts:6:22
      4| // Helper function to create test hierarchy
      5| async function createTestHierarchy() {
      6|   const enterprise = await prisma.enterprise.create({
       |                      ^
      7|     data: {
      8|       id: `ent-${Date.now()}`,
 ‚ùØ src/__tests__/integration/chat.integration.test.ts:80:28

‚éØ‚éØ‚éØ‚éØ‚éØ‚éØ‚éØ‚éØ‚éØ‚éØ‚éØ‚éØ‚éØ‚éØ‚éØ‚éØ‚éØ‚éØ‚éØ‚éØ‚éØ‚éØ‚éØ[7/59]‚éØ

 FAIL |integration|  src/__tests__/integration/chat.integration.test.ts > Chat Integration Tests > Chat Context Retrieval > should retrieve work center context
PrismaClientKnownRequestError: 
Invalid `prisma.enterprise.create()` invocation in
/mnt/d/Source/manufacturing-analytics-platform/src/__tests__/integration/chat.integration.test.ts:6:46

  3 
  4 // Helper function to create test hierarchy
  5 async function createTestHierarchy() {
‚Üí 6   const enterprise = await prisma.enterprise.create(
Unique constraint failed on the fields: (`code`)
 ‚ùØ $n.handleRequestError node_modules/@prisma/client/runtime/library.js:121:7315
 ‚ùØ $n.handleAndLogRequestError node_modules/@prisma/client/runtime/library.js:121:6623
 ‚ùØ $n.request node_modules/@prisma/client/runtime/library.js:121:6307
 ‚ùØ l node_modules/@prisma/client/runtime/library.js:130:9633
 ‚ùØ createTestHierarchy src/__tests__/integration/chat.integration.test.ts:6:22
      4| // Helper function to create test hierarchy
      5| async function createTestHierarchy() {
      6|   const enterprise = await prisma.enterprise.create({
       |                      ^
      7|     data: {
      8|       id: `ent-${Date.now()}`,
 ‚ùØ src/__tests__/integration/chat.integration.test.ts:134:30

‚éØ‚éØ‚éØ‚éØ‚éØ‚éØ‚éØ‚éØ‚éØ‚éØ‚éØ‚éØ‚éØ‚éØ‚éØ‚éØ‚éØ‚éØ‚éØ‚éØ‚éØ‚éØ‚éØ[8/59]‚éØ

 FAIL |integration|  src/__tests__/integration/chat.integration.test.ts > Chat Integration Tests > Chat Context Retrieval > should retrieve maintenance schedule context
PrismaClientKnownRequestError: 
Invalid `prisma.enterprise.create()` invocation in
/mnt/d/Source/manufacturing-analytics-platform/src/__tests__/integration/chat.integration.test.ts:6:46

  3 
  4 // Helper function to create test hierarchy
  5 async function createTestHierarchy() {
‚Üí 6   const enterprise = await prisma.enterprise.create(
Unique constraint failed on the fields: (`code`)
 ‚ùØ $n.handleRequestError node_modules/@prisma/client/runtime/library.js:121:7315
 ‚ùØ $n.handleAndLogRequestError node_modules/@prisma/client/runtime/library.js:121:6623
 ‚ùØ $n.request node_modules/@prisma/client/runtime/library.js:121:6307
 ‚ùØ l node_modules/@prisma/client/runtime/library.js:130:9633
 ‚ùØ createTestHierarchy src/__tests__/integration/chat.integration.test.ts:6:22
      4| // Helper function to create test hierarchy
      5| async function createTestHierarchy() {
      6|   const enterprise = await prisma.enterprise.create({
       |                      ^
      7|     data: {
      8|       id: `ent-${Date.now()}`,
 ‚ùØ src/__tests__/integration/chat.integration.test.ts:170:28

‚éØ‚éØ‚éØ‚éØ‚éØ‚éØ‚éØ‚éØ‚éØ‚éØ‚éØ‚éØ‚éØ‚éØ‚éØ‚éØ‚éØ‚éØ‚éØ‚éØ‚éØ‚éØ‚éØ[9/59]‚éØ

 FAIL |integration|  src/__tests__/integration/chat.integration.test.ts > Chat Integration Tests > Chat Context Retrieval > should retrieve quality metrics context
PrismaClientKnownRequestError: 
Invalid `prisma.enterprise.create()` invocation in
/mnt/d/Source/manufacturing-analytics-platform/src/__tests__/integration/chat.integration.test.ts:6:46

  3 
  4 // Helper function to create test hierarchy
  5 async function createTestHierarchy() {
‚Üí 6   const enterprise = await prisma.enterprise.create(
Unique constraint failed on the fields: (`code`)
 ‚ùØ $n.handleRequestError node_modules/@prisma/client/runtime/library.js:121:7315
 ‚ùØ $n.handleAndLogRequestError node_modules/@prisma/client/runtime/library.js:121:6623
 ‚ùØ $n.request node_modules/@prisma/client/runtime/library.js:121:6307
 ‚ùØ l node_modules/@prisma/client/runtime/library.js:130:9633
 ‚ùØ createTestHierarchy src/__tests__/integration/chat.integration.test.ts:6:22
      4| // Helper function to create test hierarchy
      5| async function createTestHierarchy() {
      6|   const enterprise = await prisma.enterprise.create({
       |                      ^
      7|     data: {
      8|       id: `ent-${Date.now()}`,
 ‚ùØ src/__tests__/integration/chat.integration.test.ts:211:28

‚éØ‚éØ‚éØ‚éØ‚éØ‚éØ‚éØ‚éØ‚éØ‚éØ‚éØ‚éØ‚éØ‚éØ‚éØ‚éØ‚éØ‚éØ‚éØ‚éØ‚éØ‚éØ[10/59]‚éØ

 FAIL |integration|  src/__tests__/integration/chat.integration.test.ts > Chat Integration Tests > Chat Query Processing > should handle OEE calculation queries
PrismaClientKnownRequestError: 
Invalid `prisma.enterprise.create()` invocation in
/mnt/d/Source/manufacturing-analytics-platform/src/__tests__/integration/chat.integration.test.ts:6:46

  3 
  4 // Helper function to create test hierarchy
  5 async function createTestHierarchy() {
‚Üí 6   const enterprise = await prisma.enterprise.create(
Unique constraint failed on the fields: (`code`)
 ‚ùØ $n.handleRequestError node_modules/@prisma/client/runtime/library.js:121:7315
 ‚ùØ $n.handleAndLogRequestError node_modules/@prisma/client/runtime/library.js:121:6623
 ‚ùØ $n.request node_modules/@prisma/client/runtime/library.js:121:6307
 ‚ùØ l node_modules/@prisma/client/runtime/library.js:130:9633
 ‚ùØ createTestHierarchy src/__tests__/integration/chat.integration.test.ts:6:22
      4| // Helper function to create test hierarchy
      5| async function createTestHierarchy() {
      6|   const enterprise = await prisma.enterprise.create({
       |                      ^
      7|     data: {
      8|       id: `ent-${Date.now()}`,
 ‚ùØ src/__tests__/integration/chat.integration.test.ts:258:28

‚éØ‚éØ‚éØ‚éØ‚éØ‚éØ‚éØ‚éØ‚éØ‚éØ‚éØ‚éØ‚éØ‚éØ‚éØ‚éØ‚éØ‚éØ‚éØ‚éØ‚éØ‚éØ[11/59]‚éØ

 FAIL |integration|  src/__tests__/integration/chat.integration.test.ts > Chat Integration Tests > Chat Query Processing > should handle downtime analysis queries
PrismaClientKnownRequestError: 
Invalid `prisma.enterprise.create()` invocation in
/mnt/d/Source/manufacturing-analytics-platform/src/__tests__/integration/chat.integration.test.ts:6:46

  3 
  4 // Helper function to create test hierarchy
  5 async function createTestHierarchy() {
‚Üí 6   const enterprise = await prisma.enterprise.create(
Unique constraint failed on the fields: (`code`)
 ‚ùØ $n.handleRequestError node_modules/@prisma/client/runtime/library.js:121:7315
 ‚ùØ $n.handleAndLogRequestError node_modules/@prisma/client/runtime/library.js:121:6623
 ‚ùØ $n.request node_modules/@prisma/client/runtime/library.js:121:6307
 ‚ùØ l node_modules/@prisma/client/runtime/library.js:130:9633
 ‚ùØ createTestHierarchy src/__tests__/integration/chat.integration.test.ts:6:22
      4| // Helper function to create test hierarchy
      5| async function createTestHierarchy() {
      6|   const enterprise = await prisma.enterprise.create({
       |                      ^
      7|     data: {
      8|       id: `ent-${Date.now()}`,
 ‚ùØ src/__tests__/integration/chat.integration.test.ts:284:28

‚éØ‚éØ‚éØ‚éØ‚éØ‚éØ‚éØ‚éØ‚éØ‚éØ‚éØ‚éØ‚éØ‚éØ‚éØ‚éØ‚éØ‚éØ‚éØ‚éØ‚éØ‚éØ[12/59]‚éØ

 FAIL |integration|  src/__tests__/integration/chat.integration.test.ts > Chat Integration Tests > Chat Query Processing > should provide production insights
PrismaClientKnownRequestError: 
Invalid `prisma.enterprise.create()` invocation in
/mnt/d/Source/manufacturing-analytics-platform/src/__tests__/integration/chat.integration.test.ts:6:46

  3 
  4 // Helper function to create test hierarchy
  5 async function createTestHierarchy() {
‚Üí 6   const enterprise = await prisma.enterprise.create(
Unique constraint failed on the fields: (`code`)
 ‚ùØ $n.handleRequestError node_modules/@prisma/client/runtime/library.js:121:7315
 ‚ùØ $n.handleAndLogRequestError node_modules/@prisma/client/runtime/library.js:121:6623
 ‚ùØ $n.request node_modules/@prisma/client/runtime/library.js:121:6307
 ‚ùØ l node_modules/@prisma/client/runtime/library.js:130:9633
 ‚ùØ createTestHierarchy src/__tests__/integration/chat.integration.test.ts:6:22
      4| // Helper function to create test hierarchy
      5| async function createTestHierarchy() {
      6|   const enterprise = await prisma.enterprise.create({
       |                      ^
      7|     data: {
      8|       id: `ent-${Date.now()}`,
 ‚ùØ src/__tests__/integration/chat.integration.test.ts:327:30

‚éØ‚éØ‚éØ‚éØ‚éØ‚éØ‚éØ‚éØ‚éØ‚éØ‚éØ‚éØ‚éØ‚éØ‚éØ‚éØ‚éØ‚éØ‚éØ‚éØ‚éØ‚éØ[13/59]‚éØ

 FAIL |integration|  src/__tests__/integration/chat.integration.test.ts > Chat Integration Tests > Chat Response Generation > should generate appropriate responses for equipment status
PrismaClientKnownRequestError: 
Invalid `prisma.enterprise.create()` invocation in
/mnt/d/Source/manufacturing-analytics-platform/src/__tests__/integration/chat.integration.test.ts:6:46

  3 
  4 // Helper function to create test hierarchy
  5 async function createTestHierarchy() {
‚Üí 6   const enterprise = await prisma.enterprise.create(
Unique constraint failed on the fields: (`code`)
 ‚ùØ $n.handleRequestError node_modules/@prisma/client/runtime/library.js:121:7315
 ‚ùØ $n.handleAndLogRequestError node_modules/@prisma/client/runtime/library.js:121:6623
 ‚ùØ $n.request node_modules/@prisma/client/runtime/library.js:121:6307
 ‚ùØ l node_modules/@prisma/client/runtime/library.js:130:9633
 ‚ùØ createTestHierarchy src/__tests__/integration/chat.integration.test.ts:6:22
      4| // Helper function to create test hierarchy
      5| async function createTestHierarchy() {
      6|   const enterprise = await prisma.enterprise.create({
       |                      ^
      7|     data: {
      8|       id: `ent-${Date.now()}`,
 ‚ùØ src/__tests__/integration/chat.integration.test.ts:377:28

‚éØ‚éØ‚éØ‚éØ‚éØ‚éØ‚éØ‚éØ‚éØ‚éØ‚éØ‚éØ‚éØ‚éØ‚éØ‚éØ‚éØ‚éØ‚éØ‚éØ‚éØ‚éØ[14/59]‚éØ

 FAIL |integration|  src/__tests__/integration/chat.integration.test.ts > Chat Integration Tests > Chat Response Generation > should handle multi-context queries
PrismaClientKnownRequestError: 
Invalid `prisma.enterprise.create()` invocation in
/mnt/d/Source/manufacturing-analytics-platform/src/__tests__/integration/chat.integration.test.ts:6:46

  3 
  4 // Helper function to create test hierarchy
  5 async function createTestHierarchy() {
‚Üí 6   const enterprise = await prisma.enterprise.create(
Unique constraint failed on the fields: (`code`)
 ‚ùØ $n.handleRequestError node_modules/@prisma/client/runtime/library.js:121:7315
 ‚ùØ $n.handleAndLogRequestError node_modules/@prisma/client/runtime/library.js:121:6623
 ‚ùØ $n.request node_modules/@prisma/client/runtime/library.js:121:6307
 ‚ùØ l node_modules/@prisma/client/runtime/library.js:130:9633
 ‚ùØ createTestHierarchy src/__tests__/integration/chat.integration.test.ts:6:22
      4| // Helper function to create test hierarchy
      5| async function createTestHierarchy() {
      6|   const enterprise = await prisma.enterprise.create({
       |                      ^
      7|     data: {
      8|       id: `ent-${Date.now()}`,
 ‚ùØ src/__tests__/integration/chat.integration.test.ts:408:40

‚éØ‚éØ‚éØ‚éØ‚éØ‚éØ‚éØ‚éØ‚éØ‚éØ‚éØ‚éØ‚éØ‚éØ‚éØ‚éØ‚éØ‚éØ‚éØ‚éØ‚éØ‚éØ[15/59]‚éØ

 FAIL |integration|  src/__tests__/integration/chat.integration.test.ts > Chat Integration Tests > Chat Response Generation > should provide hierarchical context for site-level queries
PrismaClientKnownRequestError: 
Invalid `prisma.enterprise.create()` invocation in
/mnt/d/Source/manufacturing-analytics-platform/src/__tests__/integration/chat.integration.test.ts:6:46

  3 
  4 // Helper function to create test hierarchy
  5 async function createTestHierarchy() {
‚Üí 6   const enterprise = await prisma.enterprise.create(
Unique constraint failed on the fields: (`code`)
 ‚ùØ $n.handleRequestError node_modules/@prisma/client/runtime/library.js:121:7315
 ‚ùØ $n.handleAndLogRequestError node_modules/@prisma/client/runtime/library.js:121:6623
 ‚ùØ $n.request node_modules/@prisma/client/runtime/library.js:121:6307
 ‚ùØ l node_modules/@prisma/client/runtime/library.js:130:9633
 ‚ùØ createTestHierarchy src/__tests__/integration/chat.integration.test.ts:6:22
      4| // Helper function to create test hierarchy
      5| async function createTestHierarchy() {
      6|   const enterprise = await prisma.enterprise.create({
       |                      ^
      7|     data: {
      8|       id: `ent-${Date.now()}`,
 ‚ùØ src/__tests__/integration/chat.integration.test.ts:474:64

‚éØ‚éØ‚éØ‚éØ‚éØ‚éØ‚éØ‚éØ‚éØ‚éØ‚éØ‚éØ‚éØ‚éØ‚éØ‚éØ‚éØ‚éØ‚éØ‚éØ‚éØ‚éØ[16/59]‚éØ

 FAIL |integration|  src/__tests__/integration/database.integration.test.ts > Database Integration Tests > WorkUnit Operations > should create and retrieve equipment
PrismaClientKnownRequestError: 
Invalid `prisma.enterprise.create()` invocation in
/mnt/d/Source/manufacturing-analytics-platform/src/__tests__/integration/database.integration.test.ts:6:46

  3 
  4 // Helper function to create test hierarchy
  5 async function createTestHierarchy() {
‚Üí 6   const enterprise = await prisma.enterprise.create(
Unique constraint failed on the fields: (`code`)
 ‚ùØ $n.handleRequestError node_modules/@prisma/client/runtime/library.js:121:7315
 ‚ùØ $n.handleAndLogRequestError node_modules/@prisma/client/runtime/library.js:121:6623
 ‚ùØ $n.request node_modules/@prisma/client/runtime/library.js:121:6307
 ‚ùØ l node_modules/@prisma/client/runtime/library.js:130:9633
 ‚ùØ createTestHierarchy src/__tests__/integration/database.integration.test.ts:6:22
      4| // Helper function to create test hierarchy
      5| async function createTestHierarchy() {
      6|   const enterprise = await prisma.enterprise.create({
       |                      ^
      7|     data: {
      8|       id: `ent-${Date.now()}`,
 ‚ùØ src/__tests__/integration/database.integration.test.ts:65:30

‚éØ‚éØ‚éØ‚éØ‚éØ‚éØ‚éØ‚éØ‚éØ‚éØ‚éØ‚éØ‚éØ‚éØ‚éØ‚éØ‚éØ‚éØ‚éØ‚éØ‚éØ‚éØ[17/59]‚éØ

 FAIL |integration|  src/__tests__/integration/database.integration.test.ts > Database Integration Tests > WorkUnit Operations > should update equipment status
PrismaClientKnownRequestError: 
Invalid `prisma.enterprise.create()` invocation in
/mnt/d/Source/manufacturing-analytics-platform/src/__tests__/integration/database.integration.test.ts:6:46

  3 
  4 // Helper function to create test hierarchy
  5 async function createTestHierarchy() {
‚Üí 6   const enterprise = await prisma.enterprise.create(
Unique constraint failed on the fields: (`code`)
 ‚ùØ $n.handleRequestError node_modules/@prisma/client/runtime/library.js:121:7315
 ‚ùØ $n.handleAndLogRequestError node_modules/@prisma/client/runtime/library.js:121:6623
 ‚ùØ $n.request node_modules/@prisma/client/runtime/library.js:121:6307
 ‚ùØ l node_modules/@prisma/client/runtime/library.js:130:9633
 ‚ùØ createTestHierarchy src/__tests__/integration/database.integration.test.ts:6:22
      4| // Helper function to create test hierarchy
      5| async function createTestHierarchy() {
      6|   const enterprise = await prisma.enterprise.create({
       |                      ^
      7|     data: {
      8|       id: `ent-${Date.now()}`,
 ‚ùØ src/__tests__/integration/database.integration.test.ts:101:28

‚éØ‚éØ‚éØ‚éØ‚éØ‚éØ‚éØ‚éØ‚éØ‚éØ‚éØ‚éØ‚éØ‚éØ‚éØ‚éØ‚éØ‚éØ‚éØ‚éØ‚éØ‚éØ[18/59]‚éØ

 FAIL |integration|  src/__tests__/integration/database.integration.test.ts > Database Integration Tests > WorkUnit Operations > should handle work unit deletion with alerts
PrismaClientKnownRequestError: 
Invalid `prisma.enterprise.create()` invocation in
/mnt/d/Source/manufacturing-analytics-platform/src/__tests__/integration/database.integration.test.ts:6:46

  3 
  4 // Helper function to create test hierarchy
  5 async function createTestHierarchy() {
‚Üí 6   const enterprise = await prisma.enterprise.create(
Unique constraint failed on the fields: (`code`)
 ‚ùØ $n.handleRequestError node_modules/@prisma/client/runtime/library.js:121:7315
 ‚ùØ $n.handleAndLogRequestError node_modules/@prisma/client/runtime/library.js:121:6623
 ‚ùØ $n.request node_modules/@prisma/client/runtime/library.js:121:6307
 ‚ùØ l node_modules/@prisma/client/runtime/library.js:130:9633
 ‚ùØ createTestHierarchy src/__tests__/integration/database.integration.test.ts:6:22
      4| // Helper function to create test hierarchy
      5| async function createTestHierarchy() {
      6|   const enterprise = await prisma.enterprise.create({
       |                      ^
      7|     data: {
      8|       id: `ent-${Date.now()}`,
 ‚ùØ src/__tests__/integration/database.integration.test.ts:112:28

‚éØ‚éØ‚éØ‚éØ‚éØ‚éØ‚éØ‚éØ‚éØ‚éØ‚éØ‚éØ‚éØ‚éØ‚éØ‚éØ‚éØ‚éØ‚éØ‚éØ‚éØ‚éØ[19/59]‚éØ

 FAIL |integration|  src/__tests__/integration/database.integration.test.ts > Database Integration Tests > Performance Metrics Operations > should create and aggregate performance metrics
PrismaClientKnownRequestError: 
Invalid `prisma.enterprise.create()` invocation in
/mnt/d/Source/manufacturing-analytics-platform/src/__tests__/integration/database.integration.test.ts:6:46

  3 
  4 // Helper function to create test hierarchy
  5 async function createTestHierarchy() {
‚Üí 6   const enterprise = await prisma.enterprise.create(
Unique constraint failed on the fields: (`code`)
 ‚ùØ $n.handleRequestError node_modules/@prisma/client/runtime/library.js:121:7315
 ‚ùØ $n.handleAndLogRequestError node_modules/@prisma/client/runtime/library.js:121:6623
 ‚ùØ $n.request node_modules/@prisma/client/runtime/library.js:121:6307
 ‚ùØ l node_modules/@prisma/client/runtime/library.js:130:9633
 ‚ùØ createTestHierarchy src/__tests__/integration/database.integration.test.ts:6:22
      4| // Helper function to create test hierarchy
      5| async function createTestHierarchy() {
      6|   const enterprise = await prisma.enterprise.create({
       |                      ^
      7|     data: {
      8|       id: `ent-${Date.now()}`,
 ‚ùØ src/__tests__/integration/database.integration.test.ts:150:28

‚éØ‚éØ‚éØ‚éØ‚éØ‚éØ‚éØ‚éØ‚éØ‚éØ‚éØ‚éØ‚éØ‚éØ‚éØ‚éØ‚éØ‚éØ‚éØ‚éØ‚éØ‚éØ[20/59]‚éØ

 FAIL |integration|  src/__tests__/integration/database.integration.test.ts > Database Integration Tests > Performance Metrics Operations > should query metrics by time range
PrismaClientKnownRequestError: 
Invalid `prisma.enterprise.create()` invocation in
/mnt/d/Source/manufacturing-analytics-platform/src/__tests__/integration/database.integration.test.ts:6:46

  3 
  4 // Helper function to create test hierarchy
  5 async function createTestHierarchy() {
‚Üí 6   const enterprise = await prisma.enterprise.create(
Unique constraint failed on the fields: (`code`)
 ‚ùØ $n.handleRequestError node_modules/@prisma/client/runtime/library.js:121:7315
 ‚ùØ $n.handleAndLogRequestError node_modules/@prisma/client/runtime/library.js:121:6623
 ‚ùØ $n.request node_modules/@prisma/client/runtime/library.js:121:6307
 ‚ùØ l node_modules/@prisma/client/runtime/library.js:130:9633
 ‚ùØ createTestHierarchy src/__tests__/integration/database.integration.test.ts:6:22
      4| // Helper function to create test hierarchy
      5| async function createTestHierarchy() {
      6|   const enterprise = await prisma.enterprise.create({
       |                      ^
      7|     data: {
      8|       id: `ent-${Date.now()}`,
 ‚ùØ src/__tests__/integration/database.integration.test.ts:183:28

‚éØ‚éØ‚éØ‚éØ‚éØ‚éØ‚éØ‚éØ‚éØ‚éØ‚éØ‚éØ‚éØ‚éØ‚éØ‚éØ‚éØ‚éØ‚éØ‚éØ‚éØ‚éØ[21/59]‚éØ

 FAIL |integration|  src/__tests__/integration/database.integration.test.ts > Database Integration Tests > Alert Management > should create and update alert status
PrismaClientKnownRequestError: 
Invalid `prisma.enterprise.create()` invocation in
/mnt/d/Source/manufacturing-analytics-platform/src/__tests__/integration/database.integration.test.ts:6:46

  3 
  4 // Helper function to create test hierarchy
  5 async function createTestHierarchy() {
‚Üí 6   const enterprise = await prisma.enterprise.create(
Unique constraint failed on the fields: (`code`)
 ‚ùØ $n.handleRequestError node_modules/@prisma/client/runtime/library.js:121:7315
 ‚ùØ $n.handleAndLogRequestError node_modules/@prisma/client/runtime/library.js:121:6623
 ‚ùØ $n.request node_modules/@prisma/client/runtime/library.js:121:6307
 ‚ùØ l node_modules/@prisma/client/runtime/library.js:130:9633
 ‚ùØ createTestHierarchy src/__tests__/integration/database.integration.test.ts:6:22
      4| // Helper function to create test hierarchy
      5| async function createTestHierarchy() {
      6|   const enterprise = await prisma.enterprise.create({
       |                      ^
      7|     data: {
      8|       id: `ent-${Date.now()}`,
 ‚ùØ src/__tests__/integration/database.integration.test.ts:220:28

‚éØ‚éØ‚éØ‚éØ‚éØ‚éØ‚éØ‚éØ‚éØ‚éØ‚éØ‚éØ‚éØ‚éØ‚éØ‚éØ‚éØ‚éØ‚éØ‚éØ‚éØ‚éØ[22/59]‚éØ

 FAIL |integration|  src/__tests__/integration/database.integration.test.ts > Database Integration Tests > Alert Management > should query active alerts with equipment details
PrismaClientKnownRequestError: 
Invalid `prisma.enterprise.create()` invocation in
/mnt/d/Source/manufacturing-analytics-platform/src/__tests__/integration/database.integration.test.ts:6:46

  3 
  4 // Helper function to create test hierarchy
  5 async function createTestHierarchy() {
‚Üí 6   const enterprise = await prisma.enterprise.create(
Unique constraint failed on the fields: (`code`)
 ‚ùØ $n.handleRequestError node_modules/@prisma/client/runtime/library.js:121:7315
 ‚ùØ $n.handleAndLogRequestError node_modules/@prisma/client/runtime/library.js:121:6623
 ‚ùØ $n.request node_modules/@prisma/client/runtime/library.js:121:6307
 ‚ùØ l node_modules/@prisma/client/runtime/library.js:130:9633
 ‚ùØ createTestHierarchy src/__tests__/integration/database.integration.test.ts:6:22
      4| // Helper function to create test hierarchy
      5| async function createTestHierarchy() {
      6|   const enterprise = await prisma.enterprise.create({
       |                      ^
      7|     data: {
      8|       id: `ent-${Date.now()}`,
 ‚ùØ src/__tests__/integration/database.integration.test.ts:251:28

‚éØ‚éØ‚éØ‚éØ‚éØ‚éØ‚éØ‚éØ‚éØ‚éØ‚éØ‚éØ‚éØ‚éØ‚éØ‚éØ‚éØ‚éØ‚éØ‚éØ‚éØ‚éØ[23/59]‚éØ

 FAIL |integration|  src/__tests__/integration/database.integration.test.ts > Database Integration Tests > Production Operations > should create production workflow with work center
PrismaClientKnownRequestError: 
Invalid `prisma.enterprise.create()` invocation in
/mnt/d/Source/manufacturing-analytics-platform/src/__tests__/integration/database.integration.test.ts:6:46

  3 
  4 // Helper function to create test hierarchy
  5 async function createTestHierarchy() {
‚Üí 6   const enterprise = await prisma.enterprise.create(
Unique constraint failed on the fields: (`code`)
 ‚ùØ $n.handleRequestError node_modules/@prisma/client/runtime/library.js:121:7315
 ‚ùØ $n.handleAndLogRequestError node_modules/@prisma/client/runtime/library.js:121:6623
 ‚ùØ $n.request node_modules/@prisma/client/runtime/library.js:121:6307
 ‚ùØ l node_modules/@prisma/client/runtime/library.js:130:9633
 ‚ùØ createTestHierarchy src/__tests__/integration/database.integration.test.ts:6:22
      4| // Helper function to create test hierarchy
      5| async function createTestHierarchy() {
      6|   const enterprise = await prisma.enterprise.create({
       |                      ^
      7|     data: {
      8|       id: `ent-${Date.now()}`,
 ‚ùØ src/__tests__/integration/database.integration.test.ts:288:40

‚éØ‚éØ‚éØ‚éØ‚éØ‚éØ‚éØ‚éØ‚éØ‚éØ‚éØ‚éØ‚éØ‚éØ‚éØ‚éØ‚éØ‚éØ‚éØ‚éØ‚éØ‚éØ[24/59]‚éØ

 FAIL |integration|  src/__tests__/integration/database.integration.test.ts > Database Integration Tests > Production Operations > should handle production orders workflow
PrismaClientKnownRequestError: 
Invalid `prisma.enterprise.create()` invocation in
/mnt/d/Source/manufacturing-analytics-platform/src/__tests__/integration/database.integration.test.ts:6:46

  3 
  4 // Helper function to create test hierarchy
  5 async function createTestHierarchy() {
‚Üí 6   const enterprise = await prisma.enterprise.create(
Unique constraint failed on the fields: (`code`)
 ‚ùØ $n.handleRequestError node_modules/@prisma/client/runtime/library.js:121:7315
 ‚ùØ $n.handleAndLogRequestError node_modules/@prisma/client/runtime/library.js:121:6623
 ‚ùØ $n.request node_modules/@prisma/client/runtime/library.js:121:6307
 ‚ùØ l node_modules/@prisma/client/runtime/library.js:130:9633
 ‚ùØ createTestHierarchy src/__tests__/integration/database.integration.test.ts:6:22
      4| // Helper function to create test hierarchy
      5| async function createTestHierarchy() {
      6|   const enterprise = await prisma.enterprise.create({
       |                      ^
      7|     data: {
      8|       id: `ent-${Date.now()}`,
 ‚ùØ src/__tests__/integration/database.integration.test.ts:324:30

‚éØ‚éØ‚éØ‚éØ‚éØ‚éØ‚éØ‚éØ‚éØ‚éØ‚éØ‚éØ‚éØ‚éØ‚éØ‚éØ‚éØ‚éØ‚éØ‚éØ‚éØ‚éØ[25/59]‚éØ

 FAIL |integration|  src/__tests__/integration/database.integration.test.ts > Database Integration Tests > Complex Queries > should calculate OEE trends by equipment
PrismaClientKnownRequestError: 
Invalid `prisma.enterprise.create()` invocation in
/mnt/d/Source/manufacturing-analytics-platform/src/__tests__/integration/database.integration.test.ts:6:46

  3 
  4 // Helper function to create test hierarchy
  5 async function createTestHierarchy() {
‚Üí 6   const enterprise = await prisma.enterprise.create(
Unique constraint failed on the fields: (`code`)
 ‚ùØ $n.handleRequestError node_modules/@prisma/client/runtime/library.js:121:7315
 ‚ùØ $n.handleAndLogRequestError node_modules/@prisma/client/runtime/library.js:121:6623
 ‚ùØ $n.request node_modules/@prisma/client/runtime/library.js:121:6307
 ‚ùØ l node_modules/@prisma/client/runtime/library.js:130:9633
 ‚ùØ createTestHierarchy src/__tests__/integration/database.integration.test.ts:6:22
      4| // Helper function to create test hierarchy
      5| async function createTestHierarchy() {
      6|   const enterprise = await prisma.enterprise.create({
       |                      ^
      7|     data: {
      8|       id: `ent-${Date.now()}`,
 ‚ùØ src/__tests__/integration/database.integration.test.ts:366:28

‚éØ‚éØ‚éØ‚éØ‚éØ‚éØ‚éØ‚éØ‚éØ‚éØ‚éØ‚éØ‚éØ‚éØ‚éØ‚éØ‚éØ‚éØ‚éØ‚éØ‚éØ‚éØ[26/59]‚éØ

 FAIL |integration|  src/__tests__/integration/database.integration.test.ts > Database Integration Tests > Complex Queries > should handle time-series data for Analytics queries
PrismaClientKnownRequestError: 
Invalid `prisma.enterprise.create()` invocation in
/mnt/d/Source/manufacturing-analytics-platform/src/__tests__/integration/database.integration.test.ts:6:46

  3 
  4 // Helper function to create test hierarchy
  5 async function createTestHierarchy() {
‚Üí 6   const enterprise = await prisma.enterprise.create(
Unique constraint failed on the fields: (`code`)
 ‚ùØ $n.handleRequestError node_modules/@prisma/client/runtime/library.js:121:7315
 ‚ùØ $n.handleAndLogRequestError node_modules/@prisma/client/runtime/library.js:121:6623
 ‚ùØ $n.request node_modules/@prisma/client/runtime/library.js:121:6307
 ‚ùØ l node_modules/@prisma/client/runtime/library.js:130:9633
 ‚ùØ createTestHierarchy src/__tests__/integration/database.integration.test.ts:6:22
      4| // Helper function to create test hierarchy
      5| async function createTestHierarchy() {
      6|   const enterprise = await prisma.enterprise.create({
       |                      ^
      7|     data: {
      8|       id: `ent-${Date.now()}`,
 ‚ùØ src/__tests__/integration/database.integration.test.ts:430:28

‚éØ‚éØ‚éØ‚éØ‚éØ‚éØ‚éØ‚éØ‚éØ‚éØ‚éØ‚éØ‚éØ‚éØ‚éØ‚éØ‚éØ‚éØ‚éØ‚éØ‚éØ‚éØ[27/59]‚éØ

 FAIL |integration|  src/__tests__/integration/services.integration.test.ts > Service Layer Integration Tests > Equipment Service Tests > should manage equipment lifecycle
PrismaClientKnownRequestError: 
Invalid `prisma.enterprise.create()` invocation in
/mnt/d/Source/manufacturing-analytics-platform/src/__tests__/integration/services.integration.test.ts:6:46

  3 
  4 // Helper function to create test hierarchy
  5 async function createTestHierarchy() {
‚Üí 6   const enterprise = await prisma.enterprise.create(
Unique constraint failed on the fields: (`code`)
 ‚ùØ $n.handleRequestError node_modules/@prisma/client/runtime/library.js:121:7315
 ‚ùØ $n.handleAndLogRequestError node_modules/@prisma/client/runtime/library.js:121:6623
 ‚ùØ $n.request node_modules/@prisma/client/runtime/library.js:121:6307
 ‚ùØ l node_modules/@prisma/client/runtime/library.js:130:9633
 ‚ùØ createTestHierarchy src/__tests__/integration/services.integration.test.ts:6:22
      4| // Helper function to create test hierarchy
      5| async function createTestHierarchy() {
      6|   const enterprise = await prisma.enterprise.create({
       |                      ^
      7|     data: {
      8|       id: `ent-${Date.now()}`,
 ‚ùØ src/__tests__/integration/services.integration.test.ts:65:30

‚éØ‚éØ‚éØ‚éØ‚éØ‚éØ‚éØ‚éØ‚éØ‚éØ‚éØ‚éØ‚éØ‚éØ‚éØ‚éØ‚éØ‚éØ‚éØ‚éØ‚éØ‚éØ[28/59]‚éØ

 FAIL |integration|  src/__tests__/integration/services.integration.test.ts > Service Layer Integration Tests > Alert Service Tests > should manage alert lifecycle
PrismaClientKnownRequestError: 
Invalid `prisma.enterprise.create()` invocation in
/mnt/d/Source/manufacturing-analytics-platform/src/__tests__/integration/services.integration.test.ts:6:46

  3 
  4 // Helper function to create test hierarchy
  5 async function createTestHierarchy() {
‚Üí 6   const enterprise = await prisma.enterprise.create(
Unique constraint failed on the fields: (`code`)
 ‚ùØ $n.handleRequestError node_modules/@prisma/client/runtime/library.js:121:7315
 ‚ùØ $n.handleAndLogRequestError node_modules/@prisma/client/runtime/library.js:121:6623
 ‚ùØ $n.request node_modules/@prisma/client/runtime/library.js:121:6307
 ‚ùØ l node_modules/@prisma/client/runtime/library.js:130:9633
 ‚ùØ createTestHierarchy src/__tests__/integration/services.integration.test.ts:6:22
      4| // Helper function to create test hierarchy
      5| async function createTestHierarchy() {
      6|   const enterprise = await prisma.enterprise.create({
       |                      ^
      7|     data: {
      8|       id: `ent-${Date.now()}`,
 ‚ùØ src/__tests__/integration/services.integration.test.ts:143:28

‚éØ‚éØ‚éØ‚éØ‚éØ‚éØ‚éØ‚éØ‚éØ‚éØ‚éØ‚éØ‚éØ‚éØ‚éØ‚éØ‚éØ‚éØ‚éØ‚éØ‚éØ‚éØ[29/59]‚éØ

 FAIL |integration|  src/__tests__/integration/services.integration.test.ts > Service Layer Integration Tests > Metrics Service Tests > should handle time-series metrics
PrismaClientKnownRequestError: 
Invalid `prisma.enterprise.create()` invocation in
/mnt/d/Source/manufacturing-analytics-platform/src/__tests__/integration/services.integration.test.ts:6:46

  3 
  4 // Helper function to create test hierarchy
  5 async function createTestHierarchy() {
‚Üí 6   const enterprise = await prisma.enterprise.create(
Unique constraint failed on the fields: (`code`)
 ‚ùØ $n.handleRequestError node_modules/@prisma/client/runtime/library.js:121:7315
 ‚ùØ $n.handleAndLogRequestError node_modules/@prisma/client/runtime/library.js:121:6623
 ‚ùØ $n.request node_modules/@prisma/client/runtime/library.js:121:6307
 ‚ùØ l node_modules/@prisma/client/runtime/library.js:130:9633
 ‚ùØ createTestHierarchy src/__tests__/integration/services.integration.test.ts:6:22
      4| // Helper function to create test hierarchy
      5| async function createTestHierarchy() {
      6|   const enterprise = await prisma.enterprise.create({
       |                      ^
      7|     data: {
      8|       id: `ent-${Date.now()}`,
 ‚ùØ src/__tests__/integration/services.integration.test.ts:238:28

‚éØ‚éØ‚éØ‚éØ‚éØ‚éØ‚éØ‚éØ‚éØ‚éØ‚éØ‚éØ‚éØ‚éØ‚éØ‚éØ‚éØ‚éØ‚éØ‚éØ‚éØ‚éØ[30/59]‚éØ

 FAIL |integration|  src/__tests__/integration/services.integration.test.ts > Service Layer Integration Tests > Production Workflow Tests > should handle complete production cycle
PrismaClientKnownRequestError: 
Invalid `prisma.enterprise.create()` invocation in
/mnt/d/Source/manufacturing-analytics-platform/src/__tests__/integration/services.integration.test.ts:6:46

  3 
  4 // Helper function to create test hierarchy
  5 async function createTestHierarchy() {
‚Üí 6   const enterprise = await prisma.enterprise.create(
Unique constraint failed on the fields: (`code`)
 ‚ùØ $n.handleRequestError node_modules/@prisma/client/runtime/library.js:121:7315
 ‚ùØ $n.handleAndLogRequestError node_modules/@prisma/client/runtime/library.js:121:6623
 ‚ùØ $n.request node_modules/@prisma/client/runtime/library.js:121:6307
 ‚ùØ l node_modules/@prisma/client/runtime/library.js:130:9633
 ‚ùØ createTestHierarchy src/__tests__/integration/services.integration.test.ts:6:22
      4| // Helper function to create test hierarchy
      5| async function createTestHierarchy() {
      6|   const enterprise = await prisma.enterprise.create({
       |                      ^
      7|     data: {
      8|       id: `ent-${Date.now()}`,
 ‚ùØ src/__tests__/integration/services.integration.test.ts:303:24

‚éØ‚éØ‚éØ‚éØ‚éØ‚éØ‚éØ‚éØ‚éØ‚éØ‚éØ‚éØ‚éØ‚éØ‚éØ‚éØ‚éØ‚éØ‚éØ‚éØ‚éØ‚éØ[31/59]‚éØ

 FAIL |unit|  src/__tests__/lib/auth/middleware.test.ts > Rate Limiting > should allow requests within limit
Error: Cannot find module '@/lib/auth/middleware'
Require stack:
- /mnt/d/Source/manufacturing-analytics-platform/src/__tests__/lib/auth/middleware.test.ts
 ‚ùØ src/__tests__/lib/auth/middleware.test.ts:243:12
    241|   test('should allow requests within limit', () => {
    242|     const limiter = createRateLimitMiddleware(
    243|       new (require('@/lib/auth/middleware').default as any).RateLimite‚Ä¶
       |            ^
    244|         windowMs: 60000,
    245|         max: 5

‚éØ‚éØ‚éØ‚éØ‚éØ‚éØ‚éØ‚éØ‚éØ‚éØ‚éØ‚éØ‚éØ‚éØ‚éØ‚éØ‚éØ‚éØ‚éØ‚éØ‚éØ‚éØ[32/59]‚éØ

 FAIL |unit|  src/__tests__/lib/auth/middleware.test.ts > Input Sanitization > should handle nested objects
AssertionError: expected [ '<script>', 'safe' ] to deeply equal [ '', 'safe' ]

- Expected
+ Received

  Array [
-   "",
+   "<script>",
    "safe",
  ]

 ‚ùØ src/__tests__/lib/auth/middleware.test.ts:392:34
    390|     expect(sanitized.name).toBe('John');
    391|     expect(sanitized.data.value).toBe('alert("xss")'); // onclick= rem‚Ä¶
    392|     expect(sanitized.data.items).toEqual(['', 'safe']);
       |                                  ^
    393|   });
    394| 

‚éØ‚éØ‚éØ‚éØ‚éØ‚éØ‚éØ‚éØ‚éØ‚éØ‚éØ‚éØ‚éØ‚éØ‚éØ‚éØ‚éØ‚éØ‚éØ‚éØ‚éØ‚éØ[33/59]‚éØ

 FAIL |unit|  src/__tests__/lib/auth/middleware.test.ts > Performance Tests > should handle concurrent authentication requests
AssertionError: expected "verifyAccessToken" to be called 10 times, but got 15 times
 ‚ùØ src/__tests__/lib/auth/middleware.test.ts:535:49
    533|     });
    534| 
    535|     expect(mockedAuthService.verifyAccessToken).toHaveBeenCalledTimes(‚Ä¶
       |                                                 ^
    536|   });
    537| 

‚éØ‚éØ‚éØ‚éØ‚éØ‚éØ‚éØ‚éØ‚éØ‚éØ‚éØ‚éØ‚éØ‚éØ‚éØ‚éØ‚éØ‚éØ‚éØ‚éØ‚éØ‚éØ[34/59]‚éØ

 FAIL |unit|  src/__tests__/lib/validation/DataValidator.test.ts > DataValidator > sanitizeInput > should handle nested objects
AssertionError: expected [ '&lt;script&gt;', 'safe-tag' ] to deeply equal [ '', 'safe-tag' ]

- Expected
+ Received

  Array [
-   "",
+   "&lt;script&gt;",
    "safe-tag",
  ]

 ‚ùØ src/__tests__/lib/validation/DataValidator.test.ts:109:38
    107|       expect(sanitized.name).toBe('John');
    108|       expect(sanitized.details.description).toBe(''); // onclick and i‚Ä¶
    109|       expect(sanitized.details.tags).toEqual(['', 'safe-tag']);
       |                                      ^
    110|     });
    111| 

‚éØ‚éØ‚éØ‚éØ‚éØ‚éØ‚éØ‚éØ‚éØ‚éØ‚éØ‚éØ‚éØ‚éØ‚éØ‚éØ‚éØ‚éØ‚éØ‚éØ‚éØ‚éØ[35/59]‚éØ

 FAIL |unit|  src/__tests__/lib/error/ErrorHandler.test.ts > ErrorHandler > logError > should send alerts for critical errors
AssertionError: expected "spy" to be called with arguments: [ ‚Ä¶(1) ]

Received: 



Number of calls: 0

 ‚ùØ src/__tests__/lib/error/ErrorHandler.test.ts:181:28
    179|       await errorHandler.logError(criticalError);
    180| 
    181|       expect(alertHandler).toHaveBeenCalledWith(criticalError);
       |                            ^
    182|     });
    183|   });

‚éØ‚éØ‚éØ‚éØ‚éØ‚éØ‚éØ‚éØ‚éØ‚éØ‚éØ‚éØ‚éØ‚éØ‚éØ‚éØ‚éØ‚éØ‚éØ‚éØ‚éØ‚éØ[36/59]‚éØ

 FAIL |components|  src/__tests__/components/AlertItem.test.tsx > AlertItem > renders alert information correctly
ReferenceError: React is not defined
 ‚ùØ src/__tests__/components/AlertItem.test.tsx:83:12
     81|   it('renders alert information correctly', () => {
     82|     const alert = createAlert();
     83|     render(<AlertItem alert={alert} {...mockHandlers} />);
       |            ^
     84| 
     85|     expect(screen.getByTestId('alert-message')).toHaveTextContent(aler‚Ä¶

‚éØ‚éØ‚éØ‚éØ‚éØ‚éØ‚éØ‚éØ‚éØ‚éØ‚éØ‚éØ‚éØ‚éØ‚éØ‚éØ‚éØ‚éØ‚éØ‚éØ‚éØ‚éØ[37/59]‚éØ

 FAIL |components|  src/__tests__/components/AlertItem.test.tsx > AlertItem > displays correct icon based on alert type
ReferenceError: React is not defined
 ‚ùØ src/__tests__/components/AlertItem.test.tsx:93:33
     91|   it('displays correct icon based on alert type', () => {
     92|     const errorAlert = createAlert({ type: 'error' });
     93|     const { rerender } = render(<AlertItem alert={errorAlert} {...mock‚Ä¶
       |                                 ^
     94|     expect(screen.getByText('‚ùå')).toBeInTheDocument();
     95| 

‚éØ‚éØ‚éØ‚éØ‚éØ‚éØ‚éØ‚éØ‚éØ‚éØ‚éØ‚éØ‚éØ‚éØ‚éØ‚éØ‚éØ‚éØ‚éØ‚éØ‚éØ‚éØ[38/59]‚éØ

 FAIL |components|  src/__tests__/components/AlertItem.test.tsx > AlertItem > applies correct severity styling
ReferenceError: React is not defined
 ‚ùØ src/__tests__/components/AlertItem.test.tsx:107:12
    105|   it('applies correct severity styling', () => {
    106|     const criticalAlert = createAlert({ severity: 'critical' });
    107|     render(<AlertItem alert={criticalAlert} {...mockHandlers} />);
       |            ^
    108|     
    109|     const severityBadge = screen.getByTestId('alert-severity');

‚éØ‚éØ‚éØ‚éØ‚éØ‚éØ‚éØ‚éØ‚éØ‚éØ‚éØ‚éØ‚éØ‚éØ‚éØ‚éØ‚éØ‚éØ‚éØ‚éØ‚éØ‚éØ[39/59]‚éØ

 FAIL |components|  src/__tests__/components/AlertItem.test.tsx > AlertItem > shows acknowledge button for active alerts
ReferenceError: React is not defined
 ‚ùØ src/__tests__/components/AlertItem.test.tsx:115:12
    113|   it('shows acknowledge button for active alerts', () => {
    114|     const activeAlert = createAlert({ status: 'active' });
    115|     render(<AlertItem alert={activeAlert} {...mockHandlers} />);
       |            ^
    116| 
    117|     const acknowledgeButton = screen.getByRole('button', { name: 'Ackn‚Ä¶

‚éØ‚éØ‚éØ‚éØ‚éØ‚éØ‚éØ‚éØ‚éØ‚éØ‚éØ‚éØ‚éØ‚éØ‚éØ‚éØ‚éØ‚éØ‚éØ‚éØ‚éØ‚éØ[40/59]‚éØ

 FAIL |components|  src/__tests__/components/AlertItem.test.tsx > AlertItem > shows resolve button for acknowledged alerts
ReferenceError: React is not defined
 ‚ùØ src/__tests__/components/AlertItem.test.tsx:124:12
    122|   it('shows resolve button for acknowledged alerts', () => {
    123|     const acknowledgedAlert = createAlert({ status: 'acknowledged' });
    124|     render(<AlertItem alert={acknowledgedAlert} {...mockHandlers} />);
       |            ^
    125| 
    126|     const resolveButton = screen.getByRole('button', { name: 'Resolve'‚Ä¶

‚éØ‚éØ‚éØ‚éØ‚éØ‚éØ‚éØ‚éØ‚éØ‚éØ‚éØ‚éØ‚éØ‚éØ‚éØ‚éØ‚éØ‚éØ‚éØ‚éØ‚éØ‚éØ[41/59]‚éØ

 FAIL |components|  src/__tests__/components/AlertItem.test.tsx > AlertItem > hides action buttons for resolved alerts
ReferenceError: React is not defined
 ‚ùØ src/__tests__/components/AlertItem.test.tsx:133:12
    131|   it('hides action buttons for resolved alerts', () => {
    132|     const resolvedAlert = createAlert({ status: 'resolved' });
    133|     render(<AlertItem alert={resolvedAlert} {...mockHandlers} />);
       |            ^
    134| 
    135|     expect(screen.queryByRole('button')).not.toBeInTheDocument();

‚éØ‚éØ‚éØ‚éØ‚éØ‚éØ‚éØ‚éØ‚éØ‚éØ‚éØ‚éØ‚éØ‚éØ‚éØ‚éØ‚éØ‚éØ‚éØ‚éØ‚éØ‚éØ[42/59]‚éØ

 FAIL |components|  src/__tests__/components/AlertItem.test.tsx > AlertItem > calls onAcknowledge when acknowledge button is clicked
ReferenceError: React is not defined
 ‚ùØ src/__tests__/components/AlertItem.test.tsx:140:12
    138|   it('calls onAcknowledge when acknowledge button is clicked', () => {
    139|     const activeAlert = createAlert({ status: 'active' });
    140|     render(<AlertItem alert={activeAlert} {...mockHandlers} />);
       |            ^
    141| 
    142|     const acknowledgeButton = screen.getByRole('button', { name: 'Ackn‚Ä¶

‚éØ‚éØ‚éØ‚éØ‚éØ‚éØ‚éØ‚éØ‚éØ‚éØ‚éØ‚éØ‚éØ‚éØ‚éØ‚éØ‚éØ‚éØ‚éØ‚éØ‚éØ‚éØ[43/59]‚éØ

 FAIL |components|  src/__tests__/components/AlertItem.test.tsx > AlertItem > calls onResolve when resolve button is clicked
ReferenceError: React is not defined
 ‚ùØ src/__tests__/components/AlertItem.test.tsx:151:12
    149|   it('calls onResolve when resolve button is clicked', () => {
    150|     const acknowledgedAlert = createAlert({ status: 'acknowledged' });
    151|     render(<AlertItem alert={acknowledgedAlert} {...mockHandlers} />);
       |            ^
    152| 
    153|     const resolveButton = screen.getByRole('button', { name: 'Resolve'‚Ä¶

‚éØ‚éØ‚éØ‚éØ‚éØ‚éØ‚éØ‚éØ‚éØ‚éØ‚éØ‚éØ‚éØ‚éØ‚éØ‚éØ‚éØ‚éØ‚éØ‚éØ‚éØ‚éØ[44/59]‚éØ

 FAIL |components|  src/__tests__/components/AlertItem.test.tsx > AlertItem > formats timestamp correctly
ReferenceError: React is not defined
 ‚ùØ src/__tests__/components/AlertItem.test.tsx:164:12
    162|       timestamp: '2024-01-15T10:30:00Z'
    163|     });
    164|     render(<AlertItem alert={alert} {...mockHandlers} />);
       |            ^
    165| 
    166|     const timestamp = screen.getByTestId('alert-timestamp');

‚éØ‚éØ‚éØ‚éØ‚éØ‚éØ‚éØ‚éØ‚éØ‚éØ‚éØ‚éØ‚éØ‚éØ‚éØ‚éØ‚éØ‚éØ‚éØ‚éØ‚éØ‚éØ[45/59]‚éØ

 FAIL |components|  src/__tests__/components/KPICard.test.tsx > KPICard > renders KPI name and value
ReferenceError: React is not defined
 ‚ùØ src/__tests__/components/KPICard.test.tsx:36:12
     34|   it('renders KPI name and value', () => {
     35|     const mockKPI = createKPI();
     36|     render(<KPICard {...mockKPI} />);
       |            ^
     37|     
     38|     expect(screen.getByText(mockKPI.name)).toBeInTheDocument();

‚éØ‚éØ‚éØ‚éØ‚éØ‚éØ‚éØ‚éØ‚éØ‚éØ‚éØ‚éØ‚éØ‚éØ‚éØ‚éØ‚éØ‚éØ‚éØ‚éØ‚éØ‚éØ[46/59]‚éØ

 FAIL |components|  src/__tests__/components/KPICard.test.tsx > KPICard > displays upward trend correctly
ReferenceError: React is not defined
 ‚ùØ src/__tests__/components/KPICard.test.tsx:44:12
     42|   it('displays upward trend correctly', () => {
     43|     const mockKPI = createKPI({ trend: 'up', change: 5.2 });
     44|     render(<KPICard {...mockKPI} />);
       |            ^
     45|     
     46|     expect(screen.getByText('‚Üë')).toBeInTheDocument();

‚éØ‚éØ‚éØ‚éØ‚éØ‚éØ‚éØ‚éØ‚éØ‚éØ‚éØ‚éØ‚éØ‚éØ‚éØ‚éØ‚éØ‚éØ‚éØ‚éØ‚éØ‚éØ[47/59]‚éØ

 FAIL |components|  src/__tests__/components/KPICard.test.tsx > KPICard > displays downward trend correctly
ReferenceError: React is not defined
 ‚ùØ src/__tests__/components/KPICard.test.tsx:53:12
     51|   it('displays downward trend correctly', () => {
     52|     const mockKPI = createKPI({ trend: 'down', change: -3.1 });
     53|     render(<KPICard {...mockKPI} />);
       |            ^
     54|     
     55|     expect(screen.getByText('‚Üì')).toBeInTheDocument();

‚éØ‚éØ‚éØ‚éØ‚éØ‚éØ‚éØ‚éØ‚éØ‚éØ‚éØ‚éØ‚éØ‚éØ‚éØ‚éØ‚éØ‚éØ‚éØ‚éØ‚éØ‚éØ[48/59]‚éØ

 FAIL |components|  src/__tests__/components/KPICard.test.tsx > KPICard > displays neutral trend correctly
ReferenceError: React is not defined
 ‚ùØ src/__tests__/components/KPICard.test.tsx:62:12
     60|   it('displays neutral trend correctly', () => {
     61|     const mockKPI = createKPI({ trend: 'neutral', change: 0 });
     62|     render(<KPICard {...mockKPI} />);
       |            ^
     63|     
     64|     expect(screen.getByText('‚Üí')).toBeInTheDocument();

‚éØ‚éØ‚éØ‚éØ‚éØ‚éØ‚éØ‚éØ‚éØ‚éØ‚éØ‚éØ‚éØ‚éØ‚éØ‚éØ‚éØ‚éØ‚éØ‚éØ‚éØ‚éØ[49/59]‚éØ

 FAIL |components|  src/__tests__/components/KPICard.test.tsx > KPICard > shows target when provided
ReferenceError: React is not defined
 ‚ùØ src/__tests__/components/KPICard.test.tsx:71:12
     69|   it('shows target when provided', () => {
     70|     const mockKPI = createKPI({ target: 95 });
     71|     render(<KPICard {...mockKPI} />);
       |            ^
     72|     
     73|     expect(screen.getByText(`Target: ${mockKPI.target}${mockKPI.unit}`‚Ä¶

‚éØ‚éØ‚éØ‚éØ‚éØ‚éØ‚éØ‚éØ‚éØ‚éØ‚éØ‚éØ‚éØ‚éØ‚éØ‚éØ‚éØ‚éØ‚éØ‚éØ‚éØ‚éØ[50/59]‚éØ

 FAIL |components|  src/__tests__/components/KPICard.test.tsx > KPICard > hides target when not provided
ReferenceError: React is not defined
 ‚ùØ src/__tests__/components/KPICard.test.tsx:78:12
     76|   it('hides target when not provided', () => {
     77|     const mockKPI = createKPI({ target: undefined });
     78|     render(<KPICard {...mockKPI} />);
       |            ^
     79|     
     80|     expect(screen.queryByText(/Target:/)).not.toBeInTheDocument();

‚éØ‚éØ‚éØ‚éØ‚éØ‚éØ‚éØ‚éØ‚éØ‚éØ‚éØ‚éØ‚éØ‚éØ‚éØ‚éØ‚éØ‚éØ‚éØ‚éØ‚éØ‚éØ[51/59]‚éØ

 FAIL |components|  src/__tests__/components/KPICard.test.tsx > KPICard > handles missing change value
ReferenceError: React is not defined
 ‚ùØ src/__tests__/components/KPICard.test.tsx:85:12
     83|   it('handles missing change value', () => {
     84|     const mockKPI = createKPI({ change: undefined, trend: undefined });
     85|     render(<KPICard {...mockKPI} />);
       |            ^
     86|     
     87|     expect(screen.queryByText('‚Üë')).not.toBeInTheDocument();

‚éØ‚éØ‚éØ‚éØ‚éØ‚éØ‚éØ‚éØ‚éØ‚éØ‚éØ‚éØ‚éØ‚éØ‚éØ‚éØ‚éØ‚éØ‚éØ‚éØ‚éØ‚éØ[52/59]‚éØ

 FAIL |components|  src/__tests__/components/KPICard.test.tsx > KPICard > applies correct data-testid
ReferenceError: React is not defined
 ‚ùØ src/__tests__/components/KPICard.test.tsx:94:34
     92|   it('applies correct data-testid', () => {
     93|     const mockKPI = createKPI();
     94|     const { container } = render(<KPICard {...mockKPI} />);
       |                                  ^
     95|     
     96|     expect(container.querySelector('[data-testid="kpi-card"]')).toBeIn‚Ä¶

‚éØ‚éØ‚éØ‚éØ‚éØ‚éØ‚éØ‚éØ‚éØ‚éØ‚éØ‚éØ‚éØ‚éØ‚éØ‚éØ‚éØ‚éØ‚éØ‚éØ‚éØ‚éØ[53/59]‚éØ

 FAIL |components|  src/__tests__/components/charts/ManufacturingCharts.test.tsx > ManufacturingCharts Components - Error Handling > PieChart > should handle undefined data prop
TestingLibraryElementError: Unable to find an element with the text: No data available. This could be because the text is broken up by multiple elements. In this case, you can provide a function for your text matcher to make your matcher more flexible.

Ignored nodes: comments, script, style
[36m<body>[39m
  [36m<div>[39m
    [36m<div[39m
      [33mclass[39m=[32m"recharts-responsive-container"[39m
      [33mstyle[39m=[32m"width: 100%; height: 300px; min-width: 0;"[39m
    [36m/>[39m
  [36m</div>[39m
[36m</body>[39m
 ‚ùØ Object.getElementError node_modules/@testing-library/dom/dist/config.js:37:19
 ‚ùØ node_modules/@testing-library/dom/dist/query-helpers.js:76:38
 ‚ùØ node_modules/@testing-library/dom/dist/query-helpers.js:52:17
 ‚ùØ node_modules/@testing-library/dom/dist/query-helpers.js:95:19
 ‚ùØ src/__tests__/components/charts/ManufacturingCharts.test.tsx:16:21
     14|     it('should handle undefined data prop', () => {
     15|       render(<PieChart data={undefined} />);
     16|       expect(screen.getByText('No data available')).toBeInTheDocument(‚Ä¶
       |                     ^
     17|     });
     18| 

‚éØ‚éØ‚éØ‚éØ‚éØ‚éØ‚éØ‚éØ‚éØ‚éØ‚éØ‚éØ‚éØ‚éØ‚éØ‚éØ‚éØ‚éØ‚éØ‚éØ‚éØ‚éØ[54/59]‚éØ

 FAIL |components|  src/__tests__/components/charts/ManufacturingCharts.test.tsx > ManufacturingCharts Components - Error Handling > HeatmapChart > should handle undefined data prop
TestingLibraryElementError: Unable to find an element with the text: No data available. This could be because the text is broken up by multiple elements. In this case, you can provide a function for your text matcher to make your matcher more flexible.

Ignored nodes: comments, script, style
[36m<body>[39m
  [36m<div>[39m
    [36m<div[39m
      [33mclass[39m=[32m"grid grid-cols-12 gap-1"[39m
      [33mstyle[39m=[32m"height: 300px;"[39m
    [36m/>[39m
  [36m</div>[39m
[36m</body>[39m
 ‚ùØ Object.getElementError node_modules/@testing-library/dom/dist/config.js:37:19
 ‚ùØ node_modules/@testing-library/dom/dist/query-helpers.js:76:38
 ‚ùØ node_modules/@testing-library/dom/dist/query-helpers.js:52:17
 ‚ùØ node_modules/@testing-library/dom/dist/query-helpers.js:95:19
 ‚ùØ src/__tests__/components/charts/ManufacturingCharts.test.tsx:43:21
     41|     it('should handle undefined data prop', () => {
     42|       render(<HeatmapChart data={undefined} />);
     43|       expect(screen.getByText('No data available')).toBeInTheDocument(‚Ä¶
       |                     ^
     44|     });
     45| 

‚éØ‚éØ‚éØ‚éØ‚éØ‚éØ‚éØ‚éØ‚éØ‚éØ‚éØ‚éØ‚éØ‚éØ‚éØ‚éØ‚éØ‚éØ‚éØ‚éØ‚éØ‚éØ[55/59]‚éØ

 FAIL |components|  src/__tests__/components/charts/ManufacturingCharts.test.tsx > ManufacturingCharts Components - Error Handling > TimeSeriesChart > should handle undefined data prop
Error: expect(received).toBeInTheDocument()

received value must be an HTMLElement or an SVGElement.

 ‚ùØ src/__tests__/components/charts/ManufacturingCharts.test.tsx:80:59
     78|       render(<TimeSeriesChart data={undefined} />);
     79|       // Should not crash - chart should render empty
     80|       expect(document.querySelector('.recharts-wrapper')).toBeInTheDoc‚Ä¶
       |                                                           ^
     81|     });
     82| 

‚éØ‚éØ‚éØ‚éØ‚éØ‚éØ‚éØ‚éØ‚éØ‚éØ‚éØ‚éØ‚éØ‚éØ‚éØ‚éØ‚éØ‚éØ‚éØ‚éØ‚éØ‚éØ[56/59]‚éØ

 FAIL |components|  src/__tests__/components/charts/ManufacturingCharts.test.tsx > ManufacturingCharts Components - Error Handling > TimeSeriesChart > should handle null data prop
Error: expect(received).toBeInTheDocument()

received value must be an HTMLElement or an SVGElement.

 ‚ùØ src/__tests__/components/charts/ManufacturingCharts.test.tsx:85:59
     83|     it('should handle null data prop', () => {
     84|       render(<TimeSeriesChart data={null as any} />);
     85|       expect(document.querySelector('.recharts-wrapper')).toBeInTheDoc‚Ä¶
       |                                                           ^
     86|     });
     87| 

‚éØ‚éØ‚éØ‚éØ‚éØ‚éØ‚éØ‚éØ‚éØ‚éØ‚éØ‚éØ‚éØ‚éØ‚éØ‚éØ‚éØ‚éØ‚éØ‚éØ‚éØ‚éØ[57/59]‚éØ

 FAIL |components|  src/__tests__/components/charts/ManufacturingCharts.test.tsx > ManufacturingCharts Components - Error Handling > TimeSeriesChart > should render with valid data
Error: expect(received).toBeInTheDocument()

received value must be an HTMLElement or an SVGElement.

 ‚ùØ src/__tests__/components/charts/ManufacturingCharts.test.tsx:94:59
     92|       ];
     93|       render(<TimeSeriesChart data={data} />);
     94|       expect(document.querySelector('.recharts-wrapper')).toBeInTheDoc‚Ä¶
       |                                                           ^
     95|     });
     96|   });

‚éØ‚éØ‚éØ‚éØ‚éØ‚éØ‚éØ‚éØ‚éØ‚éØ‚éØ‚éØ‚éØ‚éØ‚éØ‚éØ‚éØ‚éØ‚éØ‚éØ‚éØ‚éØ[58/59]‚éØ

 FAIL |components|  src/__tests__/components/charts/ManufacturingCharts.test.tsx > ManufacturingCharts Components - Error Handling > GaugeChart > should render with valid props
TestingLibraryElementError: Unable to find an element with the text: 75%. This could be because the text is broken up by multiple elements. In this case, you can provide a function for your text matcher to make your matcher more flexible.

Ignored nodes: comments, script, style
[36m<body>[39m
  [36m<div>[39m
    [36m<div[39m
      [33mclass[39m=[32m"h-full flex flex-col items-center justify-center"[39m
    [36m>[39m
      [36m<div[39m
        [33mclass[39m=[32m"recharts-responsive-container"[39m
        [33mstyle[39m=[32m"width: 100%; height: 200px; min-width: 0;"[39m
      [36m>[39m
        [36m<div[39m
          [33mclass[39m=[32m"recharts-responsive-container"[39m
          [33mstyle[39m=[32m"width: 100%; height: 200px; min-width: 0;"[39m
        [36m/>[39m
      [36m</div>[39m
      [36m<div[39m
        [33mclass[39m=[32m"text-center -mt-28"[39m
      [36m>[39m
        [36m<div[39m
          [33mclass[39m=[32m"text-3xl font-bold"[39m
          [33mstyle[39m=[32m"color: rgb(16, 185, 129);"[39m
        [36m>[39m
          [0m75.0[0m
        [36m</div>[39m
        [36m<div[39m
          [33mclass[39m=[32m"text-sm text-gray-400"[39m
        [36m>[39m
          [0m%[0m
        [36m</div>[39m
      [36m</div>[39m
      [36m<div[39m
        [33mclass[39m=[32m"text-sm text-gray-300 mt-8"[39m
      [36m>[39m
        [0mOEE[0m
      [36m</div>[39m
    [36m</div>[39m
  [36m</div>[39m
[36m</body>[39m
 ‚ùØ Object.getElementError node_modules/@testing-library/dom/dist/config.js:37:19
 ‚ùØ node_modules/@testing-library/dom/dist/query-helpers.js:76:38
 ‚ùØ node_modules/@testing-library/dom/dist/query-helpers.js:52:17
 ‚ùØ node_modules/@testing-library/dom/dist/query-helpers.js:95:19
 ‚ùØ src/__tests__/components/charts/ManufacturingCharts.test.tsx:146:21
    144|       render(<GaugeChart value={75} title="OEE" unit="%" />);
    145|       expect(screen.getByText('OEE')).toBeInTheDocument();
    146|       expect(screen.getByText('75%')).toBeInTheDocument();
       |                     ^
    147|     });
    148| 

‚éØ‚éØ‚éØ‚éØ‚éØ‚éØ‚éØ‚éØ‚éØ‚éØ‚éØ‚éØ‚éØ‚éØ‚éØ‚éØ‚éØ‚éØ‚éØ‚éØ‚éØ‚éØ[59/59]‚éØ

 Test Files  12 failed | 2 passed (14)
      Tests  57 failed | 125 passed | 4 skipped (186)
   Start at  20:52:04
   Duration  79.50s (transform 2.58s, setup 45.55s, collect 34.11s, tests 3.46s, environment 69.05s, prepare 17.26s)


‚ùå Tests failed with code 1
